Removed Pin From Net: NetName=ENET1_TXP Pin=CN3-1
Removed Pin From Net: NetName=ENET1_TXN Pin=CN3-2
Removed Pin From Net: NetName=ENET1_RXP Pin=CN3-3
Removed Pin From Net: NetName=ENET1_RXN Pin=CN3-6
Removed Pin From Net: NetName=GND Pin=CN8-5
Removed Pin From Net: NetName=NetCN8_3 Pin=L1-3
Removed Pin From Net: NetName=NetCN8_2 Pin=L1-4
Removed Pin From Net: NetName=NetCN9_3 Pin=L2-3
Removed Pin From Net: NetName=NetCN9_2 Pin=L2-4
Removed Pin From Net: NetName=NetCN8_2 Pin=TVS2-1
Removed Pin From Net: NetName=NetCN8_3 Pin=TVS2-3
Removed Pin From Net: NetName=NetCN8_3 Pin=TVS2-4
Removed Pin From Net: NetName=NetCN8_2 Pin=TVS2-6
Removed Pin From Net: NetName=NetCN9_2 Pin=TVS3-1
Removed Pin From Net: NetName=NetCN9_3 Pin=TVS3-3
Removed Pin From Net: NetName=ENET1_RXP Pin=U5-1
Removed Pin From Net: NetName=ENET1_RXN Pin=U5-3
Removed Pin From Net: NetName=ENET1_RXN Pin=U5-4
Removed Pin From Net: NetName=ENET1_RXP Pin=U5-6
Removed Pin From Net: NetName=ENET1_LED1 Pin=U15-1
Removed Pin From Net: NetName=GND Pin=U15-2
Removed Pin From Net: NetName=ENET1_LED2 Pin=U15-3
Removed Pin From Net: NetName=ENET1_LED2 Pin=U15-4
Removed Pin From Net: NetName=ENET1_LED1 Pin=U15-6
Removed Pin From Net: NetName=ENET1_TXP Pin=U16-1
Removed Pin From Net: NetName=ENET1_TXN Pin=U16-3
Removed Pin From Net: NetName=ENET1_TXN Pin=U16-4
Removed Pin From Net: NetName=ENET1_TXP Pin=U16-6
Removed Member From Class: ClassName=NetMY Member=U15
Change Component Comment : Designator=C13 Old Comment=10uF New Comment=100nF
Change Component Comment : Designator=C14 Old Comment=10uF New Comment=100nF
Added Pin To Net: NetName=NetCN8_2 Pin=TVS2-4
Added Pin To Net: NetName=NetCN8_3 Pin=TVS2-6
Added Pin To Net: NetName=ENET1_RXP Pin=U5-4
Added Pin To Net: NetName=ENET1_RXN Pin=U5-6
Added Pin To Net: NetName=ENET1_TXP Pin=U16-4
Added Pin To Net: NetName=ENET1_TXN Pin=U16-6
Added Pin To Net: NetName=NetCN3_1 Pin=CN3-1
Added Pin To Net: NetName=NetCN3_1 Pin=U16-3
Added Net: Name=NetCN3_1
Added Pin To Net: NetName=NetCN3_2 Pin=CN3-2
Added Pin To Net: NetName=NetCN3_2 Pin=U16-1
Added Net: Name=NetCN3_2
Added Pin To Net: NetName=NetCN3_3 Pin=CN3-3
Added Pin To Net: NetName=NetCN3_3 Pin=U5-3
Added Net: Name=NetCN3_3
Added Pin To Net: NetName=NetCN3_6 Pin=CN3-6
Added Pin To Net: NetName=NetCN3_6 Pin=U5-1
Added Net: Name=NetCN3_6
Added Pin To Net: NetName=NetL1_3 Pin=L1-3
Added Pin To Net: NetName=NetL1_3 Pin=TVS2-1
Added Net: Name=NetL1_3
Added Pin To Net: NetName=NetL1_4 Pin=L1-4
Added Pin To Net: NetName=NetL1_4 Pin=TVS2-3
Added Net: Name=NetL1_4
Added Pin To Net: NetName=NetL2_3 Pin=L2-3
Added Pin To Net: NetName=NetL2_3 Pin=TVS3-3
Added Net: Name=NetL2_3
Added Pin To Net: NetName=NetL2_4 Pin=L2-4
Added Pin To Net: NetName=NetL2_4 Pin=TVS3-1
Added Net: Name=NetL2_4
