Removed Pin From Net: NetName=5V_SYS Pin=C1-2
Removed Pin From Net: NetName=5V_SYS Pin=C2-1
Removed Pin From Net: NetName=GND Pin=C7-1
Removed Pin From Net: NetName=GND Pin=C8-1
Removed Pin From Net: NetName=3.3V Pin=C8-2
Removed Pin From Net: NetName=GND Pin=C9-1
Removed Pin From Net: NetName=3.3V Pin=C10-1
Removed Pin From Net: NetName=GND Pin=C10-2
Removed Pin From Net: NetName=GND Pin=C11-2
Removed Pin From Net: NetName=3.3V Pin=C12-1
Removed Pin From Net: NetName=GND Pin=C12-2
Removed Pin From Net: NetName=GND Pin=C15-1
Removed Pin From Net: NetName=3.3V Pin=C15-2
Removed Pin From Net: NetName=3.3V Pin=C31-1
Removed Pin From Net: NetName=GND Pin=C31-2
Removed Pin From Net: NetName=5V_COMM Pin=C34-1
Removed Pin From Net: NetName=GND_COMM Pin=C34-2
Removed Pin From Net: NetName=NetC35_1 Pin=C35-1
Removed Pin From Net: NetName=GND_COMM Pin=C35-2
Removed Pin From Net: NetName=NetC36_1 Pin=C36-1
Removed Pin From Net: NetName=GND_COMM Pin=C36-2
Removed Pin From Net: NetName=3.3V Pin=C37-1
Removed Pin From Net: NetName=GND Pin=C37-2
Removed Pin From Net: NetName=5V_COMM Pin=C40-1
Removed Pin From Net: NetName=GND_COMM Pin=C40-2
Removed Pin From Net: NetName=NetC41_1 Pin=C41-1
Removed Pin From Net: NetName=GND_COMM Pin=C41-2
Removed Pin From Net: NetName=NetC42_1 Pin=C42-1
Removed Pin From Net: NetName=GND_COMM Pin=C42-2
Removed Pin From Net: NetName=3.3V Pin=C43-1
Removed Pin From Net: NetName=GND Pin=C43-2
Removed Pin From Net: NetName=5V_COMM Pin=C46-1
Removed Pin From Net: NetName=GND_COMM Pin=C46-2
Removed Pin From Net: NetName=GND_COMM Pin=C47-2
Removed Pin From Net: NetName=GND_COMM Pin=C48-2
Removed Pin From Net: NetName=3.3V Pin=CN3-9
Removed Pin From Net: NetName=GND_COMM Pin=CN5-5
Removed Pin From Net: NetName=3.3V Pin=D5-2
Removed Pin From Net: NetName=3.3V Pin=R1-2
Removed Pin From Net: NetName=3.3V Pin=R2-2
Removed Pin From Net: NetName=3.3V Pin=R3-1
Removed Pin From Net: NetName=3.3V_SYS Pin=R4-2
Removed Pin From Net: NetName=GND Pin=R5-1
Removed Pin From Net: NetName=BOOT_MODE0 Pin=R5-2
Removed Pin From Net: NetName=GND Pin=R6-1
Removed Pin From Net: NetName=BOOT_MODE1 Pin=R6-2
Removed Pin From Net: NetName=3.3V Pin=R7-2
Removed Pin From Net: NetName=GND Pin=R11-1
Removed Pin From Net: NetName=GND Pin=R12-1
Removed Pin From Net: NetName=GND Pin=R13-1
Removed Pin From Net: NetName=GND Pin=R14-1
Removed Pin From Net: NetName=3.3V Pin=R29-1
Removed Pin From Net: NetName=3.3V Pin=R32-1
Removed Pin From Net: NetName=GND Pin=R34-2
Removed Pin From Net: NetName=3.3V Pin=R35-2
Removed Pin From Net: NetName=3.3V Pin=R36-2
Removed Pin From Net: NetName=3.3V Pin=R37-2
Removed Pin From Net: NetName=GND Pin=R40-1
Removed Pin From Net: NetName=GND Pin=R41-1
Removed Pin From Net: NetName=3.3V Pin=R42-2
Removed Pin From Net: NetName=GND Pin=R43-1
Removed Pin From Net: NetName=GND Pin=R44-1
Removed Pin From Net: NetName=3.3V Pin=R45-2
Removed Pin From Net: NetName=GND Pin=R46-1
Removed Pin From Net: NetName=GND Pin=R47-1
Removed Pin From Net: NetName=3.3V Pin=R48-2
Removed Pin From Net: NetName=3.3V Pin=R49-2
Removed Pin From Net: NetName=BOOT_MODE0 Pin=SW1-1
Removed Pin From Net: NetName=BOOT_MODE1 Pin=SW1-2
Removed Pin From Net: NetName=NetC41_1 Pin=T3-K
Removed Pin From Net: NetName=GND_COMM Pin=T5-A
Removed Pin From Net: NetName=GND_COMM Pin=T6-A
Removed Pin From Net: NetName=GND Pin=U1-2
Removed Pin From Net: NetName=I2C1_SDA Pin=U1-5
Removed Pin From Net: NetName=I2C1_SCL Pin=U1-7
Removed Pin From Net: NetName=CAN1_TXD Pin=U1-9
Removed Pin From Net: NetName=CAN1_RXD Pin=U1-11
Removed Pin From Net: NetName=UART3_RXD Pin=U1-13
Removed Pin From Net: NetName=UART3_TXD Pin=U1-15
Removed Pin From Net: NetName=GND Pin=U1-17
Removed Pin From Net: NetName=UART3_EN Pin=U1-19
Removed Pin From Net: NetName=UART2_EN Pin=U1-21
Removed Pin From Net: NetName=UART2_RXD Pin=U1-23
Removed Pin From Net: NetName=GND Pin=U1-24
Removed Pin From Net: NetName=UART2_TXD Pin=U1-25
Removed Pin From Net: NetName=GPIO_4 Pin=U1-28
Removed Pin From Net: NetName=SD1_CHECK Pin=U1-29
Removed Pin From Net: NetName=GPIO_3 Pin=U1-30
Removed Pin From Net: NetName=UART1_RXD Pin=U1-31
Removed Pin From Net: NetName=GPIO_2 Pin=U1-32
Removed Pin From Net: NetName=UART1_TXD Pin=U1-33
Removed Pin From Net: NetName=GPIO_1 Pin=U1-34
Removed Pin From Net: NetName=USB_OTG_ID Pin=U1-36
Removed Pin From Net: NetName=GPIO_9 Pin=U1-38
Removed Pin From Net: NetName=GPIO_8 Pin=U1-40
Removed Pin From Net: NetName=GND Pin=U1-42
Removed Pin From Net: NetName=GND Pin=U1-49
Removed Pin From Net: NetName=GND Pin=U1-55
Removed Pin From Net: NetName=USB_OTG2_DN Pin=U1-57
Removed Pin From Net: NetName=GND Pin=U1-58
Removed Pin From Net: NetName=USB_OTG2_DP Pin=U1-59
Removed Pin From Net: NetName=USB_OTG2_VBUS Pin=U1-61
Removed Pin From Net: NetName=GND Pin=U1-63
Removed Pin From Net: NetName=BOOT_MODE1 Pin=U1-66
Removed Pin From Net: NetName=USB_OTG_DP Pin=U1-67
Removed Pin From Net: NetName=BOOT_MODE0 Pin=U1-68
Removed Pin From Net: NetName=USB_OTG_DN Pin=U1-69
Removed Pin From Net: NetName=USB_OTG1_VBUS Pin=U1-71
Removed Pin From Net: NetName=NetSW2_1 Pin=U1-74
Removed Pin From Net: NetName=GND Pin=U1-75
Removed Pin From Net: NetName=PMIC_ON_REQ Pin=U1-76
Removed Pin From Net: NetName=5V_SYS Pin=U1-77
Removed Pin From Net: NetName=5V_SYS Pin=U1-79
Removed Pin From Net: NetName=GND Pin=U1-80
Removed Pin From Net: NetName=GND Pin=U1-87
Removed Pin From Net: NetName=NetLED4_K Pin=U1-95
Removed Pin From Net: NetName=NetLED3_K Pin=U1-97
Removed Pin From Net: NetName=GND Pin=U1-98
Removed Pin From Net: NetName=NetLED1_K Pin=U1-99
Removed Pin From Net: NetName=NetLED2_K Pin=U1-101
Removed Pin From Net: NetName=GND Pin=U1-109
Removed Pin From Net: NetName=GND Pin=U1-116
Removed Pin From Net: NetName=GND Pin=U1-134
Removed Pin From Net: NetName=GND Pin=U1-139
Removed Pin From Net: NetName=SD1_DATA0 Pin=U1-150
Removed Pin From Net: NetName=SD1_DATA1 Pin=U1-152
Removed Pin From Net: NetName=SD1_CLK Pin=U1-154
Removed Pin From Net: NetName=SD1_CMD Pin=U1-156
Removed Pin From Net: NetName=GND Pin=U1-157
Removed Pin From Net: NetName=SD1_DATA3 Pin=U1-158
Removed Pin From Net: NetName=SD1_DATA2 Pin=U1-160
Removed Pin From Net: NetName=GND Pin=U5-1
Removed Pin From Net: NetName=3.3V Pin=U5-3
Removed Pin From Net: NetName=3.3V Pin=U5-17
Removed Member From Class: ClassName=Net Member=C7
Removed Member From Class: ClassName=Net Member=C8
Removed Member From Class: ClassName=Net Member=C9
Removed Member From Class: ClassName=Net Member=C10
Removed Member From Class: ClassName=Net Member=C11
Removed Member From Class: ClassName=Net Member=C12
Removed Member From Class: ClassName=Net Member=C15
Removed Member From Class: ClassName=Uart_Can Member=C35
Removed Member From Class: ClassName=Uart_Can Member=C36
Removed Member From Class: ClassName=Uart_Can Member=C41
Removed Member From Class: ClassName=Uart_Can Member=C42
Removed Member From Class: ClassName=Uart_Can Member=C47
Removed Member From Class: ClassName=Uart_Can Member=C48
Removed Member From Class: ClassName=Cpu Member=R3
Removed Member From Class: ClassName=Cpu Member=R4
Removed Member From Class: ClassName=Cpu Member=R5
Removed Member From Class: ClassName=Cpu Member=R6
Removed Member From Class: ClassName=Cpu Member=R11
Removed Member From Class: ClassName=Cpu Member=R12
Removed Member From Class: ClassName=Cpu Member=R13
Removed Member From Class: ClassName=Cpu Member=R14
Removed Member From Class: ClassName=Gpio_RTC Member=R29
Removed Member From Class: ClassName=Gpio_RTC Member=R32
Removed Member From Class: ClassName=Net Member=R33
Removed Member From Class: ClassName=Net Member=R34
Removed Member From Class: ClassName=Net Member=R35
Removed Member From Class: ClassName=Net Member=R36
Removed Member From Class: ClassName=Net Member=R37
Removed Member From Class: ClassName=Net Member=R40
Removed Member From Class: ClassName=Net Member=R41
Removed Member From Class: ClassName=Net Member=R42
Removed Member From Class: ClassName=Net Member=R43
Removed Member From Class: ClassName=Net Member=R44
Removed Member From Class: ClassName=Net Member=R45
Removed Member From Class: ClassName=Net Member=R46
Removed Member From Class: ClassName=Net Member=R47
Removed Member From Class: ClassName=Net Member=R48
Removed Member From Class: ClassName=Net Member=R49
Removed Member From Class: ClassName=Net Member=U5
Change Component DesignItemId : Designator=D5 Old DesignItemId=BAT54C New DesignItemId=DIODE
Change Component DesignItemId : Designator=C31 Old DesignItemId=CAP  POL New DesignItemId=SMD_Cap
Change Component DesignItemId : Designator=C34 Old DesignItemId=CAP  POL New DesignItemId=SMD_Cap
Change Component DesignItemId : Designator=C37 Old DesignItemId=CAP  POL New DesignItemId=SMD_Cap
Change Component DesignItemId : Designator=C40 Old DesignItemId=CAP  POL New DesignItemId=SMD_Cap
Change Component DesignItemId : Designator=C43 Old DesignItemId=CAP  POL New DesignItemId=SMD_Cap
Change Component DesignItemId : Designator=C46 Old DesignItemId=CAP  POL New DesignItemId=SMD_Cap
Change Component DesignItemId : Designator=U1 Old DesignItemId=i.MX6_Sch New DesignItemId=MYC-Y6ULX
Change Component DesignItemId : Designator=U4 Old DesignItemId=RX8010SJ New DesignItemId=ISL1208
Change Component Footprint: Designator=C31 Old Footprint=CASE A New Footprint=0805SMD_Cap
Change Component Footprint: Designator=C34 Old Footprint=CASE A New Footprint=0805SMD_Cap
Change Component Footprint: Designator=C37 Old Footprint=CASE A New Footprint=0805SMD_Cap
Change Component Footprint: Designator=C40 Old Footprint=CASE A New Footprint=0805SMD_Cap
Change Component Footprint: Designator=C43 Old Footprint=CASE A New Footprint=0805SMD_Cap
Change Component Footprint: Designator=C46 Old Footprint=CASE A New Footprint=0805SMD_Cap
Change Component Footprint: Designator=U1 Old Footprint=I.MX6_PCB New Footprint=MYIMX6
Change Component Footprint: Designator=D5 Old Footprint=SOT-23 New Footprint=二极管SOD-123
Change Component Comment : Designator=R3 Old Comment=0 New Comment=10K
Change Component Comment : Designator=R4 Old Comment=0 New Comment=10K
Change Component Comment : Designator=R10 Old Comment=10K New Comment=1K/NC
Change Component Comment : Designator=C13 Old Comment=104/25V New Comment=10uF
Change Component Comment : Designator=C14 Old Comment=104/25V New Comment=10uF
Change Component Comment : Designator=D5 Old Comment=BAT54C New Comment=1N4148
Change Component Comment : Designator=U1 Old Comment=i.MX6UL New Comment=MYC-Y6ULX
Change Component Comment : Designator=U4 Old Comment=RX8010SJ New Comment=ISL1208
Change Component Description : Designator=U4 Old Description= New Description=时钟芯片
Added Component: Designator=T7(二极管SMA)
Added Component: Designator=T8(二极管SMA)
Added Component: Designator=T9(二极管SMA)
Added Component: Designator=T10(二极管SMA)
Added Component: Designator=Y1(XTAL_0503_2Pin)
Added Pin To Net: NetName=3.3V Pin=C13-2
Added Pin To Net: NetName=3.3V Pin=C14-2
Added Pin To Net: NetName=GND Pin=C31-1
Added Pin To Net: NetName=3.3V Pin=C31-2
Added Pin To Net: NetName=GND_COMM Pin=C34-1
Added Pin To Net: NetName=5V_COMM Pin=C34-2
Added Pin To Net: NetName=GND Pin=C37-1
Added Pin To Net: NetName=3.3V Pin=C37-2
Added Pin To Net: NetName=GND_COMM Pin=C40-1
Added Pin To Net: NetName=5V_COMM Pin=C40-2
Added Pin To Net: NetName=GND Pin=C43-1
Added Pin To Net: NetName=3.3V Pin=C43-2
Added Pin To Net: NetName=GND_COMM Pin=C46-1
Added Pin To Net: NetName=5V_COMM Pin=C46-2
Added Pin To Net: NetName=3.3V Pin=CN3-4
Added Pin To Net: NetName=3.3V Pin=CN3-5
Added Pin To Net: NetName=GND_COMM Pin=CN5-3
Added Pin To Net: NetName=3.3V Pin=D5-A
Added Pin To Net: NetName=GND Pin=R1-2
Added Pin To Net: NetName=GND Pin=R2-2
Added Pin To Net: NetName=5V_COMM Pin=R3-1
Added Pin To Net: NetName=NetC42_1 Pin=R3-2
Added Pin To Net: NetName=NetC41_1 Pin=R4-1
Added Pin To Net: NetName=GND_COMM Pin=R4-2
Added Pin To Net: NetName=5V_COMM Pin=R5-1
Added Pin To Net: NetName=GND_COMM Pin=R6-2
Added Pin To Net: NetName=GND Pin=R7-1
Added Pin To Net: NetName=GND Pin=R39-2
Added Pin To Net: NetName=BOOT_MODE1 Pin=SW1-1
Added Pin To Net: NetName=BOOT_MODE0 Pin=SW1-2
Added Pin To Net: NetName=NetC42_1 Pin=T3-K
Added Pin To Net: NetName=GND_COMM Pin=T5-K
Added Pin To Net: NetName=GND_COMM Pin=T6-K
Added Pin To Net: NetName=GND Pin=T7-A
Added Pin To Net: NetName=GND Pin=T8-A
Added Pin To Net: NetName=GND Pin=T9-A
Added Pin To Net: NetName=GND Pin=T10-A
Added Pin To Net: NetName=NetSW2_1 Pin=U1-2
Added Pin To Net: NetName=PMIC_ON_REQ Pin=U1-3
Added Pin To Net: NetName=BOOT_MODE0 Pin=U1-4
Added Pin To Net: NetName=BOOT_MODE1 Pin=U1-5
Added Pin To Net: NetName=GND Pin=U1-6
Added Pin To Net: NetName=NetLED2_K Pin=U1-8
Added Pin To Net: NetName=NetLED1_K Pin=U1-9
Added Pin To Net: NetName=NetLED3_K Pin=U1-10
Added Pin To Net: NetName=NetLED4_K Pin=U1-11
Added Pin To Net: NetName=GND Pin=U1-16
Added Pin To Net: NetName=GND Pin=U1-23
Added Pin To Net: NetName=USB_OTG1_VBUS Pin=U1-24
Added Pin To Net: NetName=USB_OTG2_VBUS Pin=U1-25
Added Pin To Net: NetName=GND Pin=U1-26
Added Pin To Net: NetName=USB_OTG2_DP Pin=U1-27
Added Pin To Net: NetName=USB_OTG2_DN Pin=U1-28
Added Pin To Net: NetName=GND Pin=U1-29
Added Pin To Net: NetName=USB_OTG_DN Pin=U1-30
Added Pin To Net: NetName=USB_OTG_DP Pin=U1-31
Added Pin To Net: NetName=GND Pin=U1-32
Added Pin To Net: NetName=GND Pin=U1-36
Added Pin To Net: NetName=USB_OTG_ID Pin=U1-40
Added Pin To Net: NetName=GPIO_1 Pin=U1-41
Added Pin To Net: NetName=GPIO_2 Pin=U1-42
Added Pin To Net: NetName=GPIO_3 Pin=U1-43
Added Pin To Net: NetName=GPIO_4 Pin=U1-44
Added Pin To Net: NetName=GPIO_8 Pin=U1-48
Added Pin To Net: NetName=GPIO_9 Pin=U1-49
Added Pin To Net: NetName=GND Pin=U1-50
Added Pin To Net: NetName=UART1_TXD Pin=U1-51
Added Pin To Net: NetName=UART1_RXD Pin=U1-52
Added Pin To Net: NetName=SD1_CHECK Pin=U1-53
Added Pin To Net: NetName=UART2_TXD Pin=U1-55
Added Pin To Net: NetName=UART2_RXD Pin=U1-56
Added Pin To Net: NetName=UART2_EN Pin=U1-57
Added Pin To Net: NetName=UART3_EN Pin=U1-58
Added Pin To Net: NetName=GND Pin=U1-59
Added Pin To Net: NetName=UART3_TXD Pin=U1-60
Added Pin To Net: NetName=UART3_RXD Pin=U1-61
Added Pin To Net: NetName=CAN1_RXD Pin=U1-62
Added Pin To Net: NetName=CAN1_TXD Pin=U1-63
Added Pin To Net: NetName=I2C1_SCL Pin=U1-64
Added Pin To Net: NetName=I2C1_SDA Pin=U1-65
Added Pin To Net: NetName=GND Pin=U1-68
Added Pin To Net: NetName=GND Pin=U1-71
Added Pin To Net: NetName=GND Pin=U1-74
Added Pin To Net: NetName=GND Pin=U1-77
Added Pin To Net: NetName=GND Pin=U1-86
Added Pin To Net: NetName=GND Pin=U1-95
Added Pin To Net: NetName=GND Pin=U1-104
Added Pin To Net: NetName=GND Pin=U1-113
Added Pin To Net: NetName=GND Pin=U1-121
Added Pin To Net: NetName=SD1_DATA3 Pin=U1-122
Added Pin To Net: NetName=SD1_DATA2 Pin=U1-123
Added Pin To Net: NetName=SD1_DATA1 Pin=U1-124
Added Pin To Net: NetName=SD1_DATA0 Pin=U1-125
Added Pin To Net: NetName=SD1_CMD Pin=U1-126
Added Pin To Net: NetName=SD1_CLK Pin=U1-127
Added Pin To Net: NetName=GND Pin=U1-128
Added Pin To Net: NetName=3.3V Pin=U4-8
Change Net Name : Old Net Name=NetC35_1 New Net Name=NetCN2_2
Change Net Name : Old Net Name=NetC36_1 New Net Name=NetCN2_3
Change Net Name : Old Net Name=NetC41_1 New Net Name=NetCN5_2
Change Net Name : Old Net Name=NetC42_1 New Net Name=NetCN5_1
Added Pin To Net: NetName=3V3_SYS Pin=C1-2
Added Pin To Net: NetName=3V3_SYS Pin=C2-1
Added Pin To Net: NetName=3V3_SYS Pin=U1-37
Added Pin To Net: NetName=3V3_SYS Pin=U1-38
Added Net: Name=3V3_SYS
Added Pin To Net: NetName=ENET1_LED1 Pin=CN3-9
Added Pin To Net: NetName=ENET1_LED1 Pin=U1-69
Added Net: Name=ENET1_LED1
Added Pin To Net: NetName=ENET1_LED2 Pin=R38-2
Added Pin To Net: NetName=ENET1_LED2 Pin=U1-70
Added Net: Name=ENET1_LED2
Added Pin To Net: NetName=ENET1_RXN Pin=CN3-6
Added Pin To Net: NetName=ENET1_RXN Pin=T10-K
Added Pin To Net: NetName=ENET1_RXN Pin=U1-75
Added Net: Name=ENET1_RXN
Added Pin To Net: NetName=ENET1_RXP Pin=CN3-3
Added Pin To Net: NetName=ENET1_RXP Pin=T9-K
Added Pin To Net: NetName=ENET1_RXP Pin=U1-76
Added Net: Name=ENET1_RXP
Added Pin To Net: NetName=ENET1_TXN Pin=CN3-2
Added Pin To Net: NetName=ENET1_TXN Pin=T8-K
Added Pin To Net: NetName=ENET1_TXN Pin=U1-72
Added Net: Name=ENET1_TXN
Added Pin To Net: NetName=ENET1_TXP Pin=CN3-1
Added Pin To Net: NetName=ENET1_TXP Pin=T7-K
Added Pin To Net: NetName=ENET1_TXP Pin=U1-73
Added Net: Name=ENET1_TXP
Added Pin To Net: NetName=NetCN5_4 Pin=CN5-4
Added Pin To Net: NetName=NetCN5_4 Pin=R5-2
Added Pin To Net: NetName=NetCN5_4 Pin=R66-2
Added Pin To Net: NetName=NetCN5_4 Pin=T6-A
Added Pin To Net: NetName=NetCN5_4 Pin=U11-13
Added Net: Name=NetCN5_4
Added Pin To Net: NetName=NetCN5_5 Pin=CN5-5
Added Pin To Net: NetName=NetCN5_5 Pin=R6-1
Added Pin To Net: NetName=NetCN5_5 Pin=R66-1
Added Pin To Net: NetName=NetCN5_5 Pin=T5-A
Added Pin To Net: NetName=NetCN5_5 Pin=U11-12
Added Net: Name=NetCN5_5
Added Pin To Net: NetName=NetD5_K Pin=D5-K
Added Pin To Net: NetName=NetD5_K Pin=P1-1
Added Pin To Net: NetName=NetD5_K Pin=U4-3
Added Net: Name=NetD5_K
Added Pin To Net: NetName=NetR7_2 Pin=R7-2
Added Pin To Net: NetName=NetR7_2 Pin=U1-93
Added Net: Name=NetR7_2
Added Pin To Net: NetName=NetR10_2 Pin=R10-2
Added Pin To Net: NetName=NetR10_2 Pin=U1-94
Added Net: Name=NetR10_2
Added Pin To Net: NetName=NetU4_1 Pin=U4-1
Added Pin To Net: NetName=NetU4_1 Pin=Y1-2
Added Net: Name=NetU4_1
Added Pin To Net: NetName=NetU4_2 Pin=U4-2
Added Pin To Net: NetName=NetU4_2 Pin=Y1-1
Added Net: Name=NetU4_2
Added Pin To Net: NetName=OUT1 Pin=U2-2
Added Net: Name=OUT1
Added Pin To Net: NetName=OUT2 Pin=U2-4
Added Net: Name=OUT2
Change Class Name : Old Net Name=Cpu New Net Name=CpuMY
Change Class Name : Old Net Name=Net New Net Name=NetMY
Added Member To Class: ClassName=Uart_Can Member=Component R3 10K
Added Member To Class: ClassName=Uart_Can Member=Component R4 10K
Added Member To Class: ClassName=Uart_Can Member=Component R5 10K
Added Member To Class: ClassName=Uart_Can Member=Component R6 10K
Added Member To Class: ClassName=NetMY Member=Component T7 7V
Added Member To Class: ClassName=NetMY Member=Component T8 7V
Added Member To Class: ClassName=NetMY Member=Component T9 7V
Added Member To Class: ClassName=NetMY Member=Component T10 7V
Added Member To Class: ClassName=Gpio_RTC Member=Component Y1 32.768Khz
