Removed Pin From Net: NetName=GND Pin=T7-A
Removed Pin From Net: NetName=ENET1_TXP Pin=T7-K
Removed Pin From Net: NetName=GND Pin=T8-A
Removed Pin From Net: NetName=ENET1_TXN Pin=T8-K
Removed Pin From Net: NetName=GND Pin=T9-A
Removed Pin From Net: NetName=ENET1_RXP Pin=T9-K
Removed Pin From Net: NetName=GND Pin=T10-A
Removed Pin From Net: NetName=ENET1_RXN Pin=T10-K
Removed Member From Class: ClassName=NetMY Member=T7
Removed Member From Class: ClassName=NetMY Member=T8
Removed Member From Class: ClassName=NetMY Member=T9
Removed Member From Class: ClassName=NetMY Member=T10
Added Component: Designator=U5(SOT-23-6)
Added Component: Designator=U15(SOT-23-6)
Added Component: Designator=U16(SOT-23-6)
Added Pin To Net: NetName=ENET1_RXP Pin=U5-1
Added Pin To Net: NetName=GND Pin=U5-2
Added Pin To Net: NetName=ENET1_RXN Pin=U5-3
Added Pin To Net: NetName=ENET1_RXN Pin=U5-4
Added Pin To Net: NetName=3.3V Pin=U5-5
Added Pin To Net: NetName=ENET1_RXP Pin=U5-6
Added Pin To Net: NetName=ENET1_LED1 Pin=U15-1
Added Pin To Net: NetName=GND Pin=U15-2
Added Pin To Net: NetName=ENET1_LED2 Pin=U15-3
Added Pin To Net: NetName=ENET1_LED2 Pin=U15-4
Added Pin To Net: NetName=ENET1_LED1 Pin=U15-6
Added Pin To Net: NetName=ENET1_TXP Pin=U16-1
Added Pin To Net: NetName=GND Pin=U16-2
Added Pin To Net: NetName=ENET1_TXN Pin=U16-3
Added Pin To Net: NetName=ENET1_TXN Pin=U16-4
Added Pin To Net: NetName=3.3V Pin=U16-5
Added Pin To Net: NetName=ENET1_TXP Pin=U16-6
Added Member To Class: ClassName=NetMY Member=Component U5 USBLC6-2SC6
Added Member To Class: ClassName=NetMY Member=Component U15 USBLC6-2SC6
Added Member To Class: ClassName=NetMY Member=Component U16 USBLC6-2SC6
