Removed Pin From Net: NetName=NetC35_1 Pin=CN5-1
Removed Pin From Net: NetName=NetC36_1 Pin=CN5-2
Removed Pin From Net: NetName=NetC41_1 Pin=CN5-3
Removed Pin From Net: NetName=NetC42_1 Pin=CN5-4
Removed Pin From Net: NetName=NetC47_1 Pin=CN5-5
Removed Pin From Net: NetName=NetC48_1 Pin=CN5-6
Removed Pin From Net: NetName=GND_COMM Pin=U8-G
Removed Pin From Net: NetName=24V Pin=U8-I
Removed Pin From Net: NetName=5V_COMM Pin=U8-O
Change Component DesignItemId : Designator=CN5 Old DesignItemId=CON6 New DesignItemId=CON5
Change Component DesignItemId : Designator=U8 Old DesignItemId=LM7805CT New DesignItemId=B0505T_1W
Change Component Footprint: Designator=U8 Old Footprint=K7805 New Footprint=B_X_T_1W
Change Component Footprint: Designator=CN5 Old Footprint=WJ15EDGRM-3.81-6P New Footprint=WJ15EDGRM-3.81-5P
Change Component Comment : Designator=CN5 Old Comment=CON6 New Comment=CON5
Change Component Comment : Designator=U8 Old Comment=LM7805CT New Comment=B050?T_1W
Added Component: Designator=CN2(WJ15EDGRM-3.81-3P-14-00A)
Added Pin To Net: NetName=NetC36_1 Pin=CN2-1
Added Pin To Net: NetName=NetC35_1 Pin=CN2-2
Added Pin To Net: NetName=GND_COMM Pin=CN2-3
Added Pin To Net: NetName=NetC42_1 Pin=CN5-1
Added Pin To Net: NetName=NetC41_1 Pin=CN5-2
Added Pin To Net: NetName=NetC48_1 Pin=CN5-3
Added Pin To Net: NetName=NetC47_1 Pin=CN5-4
Added Pin To Net: NetName=GND_COMM Pin=CN5-5
Added Pin To Net: NetName=GND Pin=U8-1
Added Pin To Net: NetName=5V Pin=U8-2
Added Pin To Net: NetName=GND_COMM Pin=U8-4
Added Pin To Net: NetName=5V_COMM Pin=U8-5
Added Member To Class: ClassName=Uart_Can Member=Component CN2 CON3
Added Member To Class: ClassName=Cpu Member=Component R10 10K
Added Member To Class: ClassName=Cpu Member=Component R11 10K
