Added Component: Designator=BC1(GDRH127)
Added Component: Designator=C1(0805SMD_Cap)
Added Component: Designator=C2(CASE A)
Added Component: Designator=C3(0805SMD_Cap)
Added Component: Designator=C4(0805SMD_Cap)
Added Component: Designator=C5(0805SMD_Cap)
Added Component: Designator=C6(0805SMD_Cap)
Added Component: Designator=C7(0805SMD_Cap)
Added Component: Designator=C8(0805SMD_Cap)
Added Component: Designator=C9(0805SMD_Cap)
Added Component: Designator=C10(CASE A)
Added Component: Designator=C11(CASE A)
Added Component: Designator=C12(CASE A)
Added Component: Designator=C13(0805SMD_Cap)
Added Component: Designator=C14(0805SMD_Cap)
Added Component: Designator=C15(0805SMD_Cap)
Added Component: Designator=C16(CASE A)
Added Component: Designator=C17(0805SMD_Cap)
Added Component: Designator=C18(HONOR_63X54)
Added Component: Designator=C19(0805SMD_Cap)
Added Component: Designator=C20(HONOR_63X54)
Added Component: Designator=C21(0805SMD_Cap)
Added Component: Designator=C22(CASE A)
Added Component: Designator=C23(0805SMD_Cap)
Added Component: Designator=C24(HONOR_63X54)
Added Component: Designator=C25(0805SMD_Cap)
Added Component: Designator=C26(CASE A)
Added Component: Designator=C27(0805SMD_Cap)
Added Component: Designator=C28(0805SMD_Cap)
Added Component: Designator=C29(0805SMD_Cap)
Added Component: Designator=C30(0805SMD_Cap)
Added Component: Designator=C31(CASE A)
Added Component: Designator=C32(0805SMD_Cap)
Added Component: Designator=C33(0805SMD_Cap)
Added Component: Designator=C34(CASE A)
Added Component: Designator=C35(0805SMD_Cap)
Added Component: Designator=C36(0805SMD_Cap)
Added Component: Designator=C37(CASE A)
Added Component: Designator=C38(0805SMD_Cap)
Added Component: Designator=C39(0805SMD_Cap)
Added Component: Designator=C40(CASE A)
Added Component: Designator=C41(0805SMD_Cap)
Added Component: Designator=C42(0805SMD_Cap)
Added Component: Designator=C43(CASE A)
Added Component: Designator=C44(0805SMD_Cap)
Added Component: Designator=C45(0805SMD_Cap)
Added Component: Designator=C46(CASE A)
Added Component: Designator=C47(0805SMD_Cap)
Added Component: Designator=C48(0805SMD_Cap)
Added Component: Designator=C49(CASE A)
Added Component: Designator=C50(0805SMD_Cap)
Added Component: Designator=C51(CASE A)
Added Component: Designator=C52(0805SMD_Cap)
Added Component: Designator=C53(CASE A)
Added Component: Designator=C54(0805SMD_Cap)
Added Component: Designator=CN1(WJ15EDGRM-3.81-4P-14-00A)
Added Component: Designator=CN2(WJ15EDGRM-3.81-5P)
Added Component: Designator=CN3(RJ-45A12)
Added Component: Designator=CN4(WJ15EDGRM-3.81-3P-14-00A)
Added Component: Designator=CN5(WJ15EDGRM-3.81-4P-14-00A)
Added Component: Designator=CN6(WJ15EDGRM-3.81-2P-14-00A)
Added Component: Designator=CN7(连接器3X)
Added Component: Designator=CN8(MICRO-USB-F)
Added Component: Designator=CN9(USB-C)
Added Component: Designator=C？1(0805SMD_Cap)
Added Component: Designator=D1(二极管SMA)
Added Component: Designator=D2(二极管SMA)
Added Component: Designator=D3(二极管SMA)
Added Component: Designator=D4(二极管SMA)
Added Component: Designator=D5(SOT-23)
Added Component: Designator=D6(二极管SMA)
Added Component: Designator=LED1(发光二极管0805)
Added Component: Designator=LED2(发光二极管0805)
Added Component: Designator=LED3(发光二极管0805)
Added Component: Designator=LED4(发光二极管0805)
Added Component: Designator=LED5(发光二极管0805)
Added Component: Designator=LED6(发光二极管0805)
Added Component: Designator=LED7(发光二极管0805)
Added Component: Designator=LED8(发光二极管0805)
Added Component: Designator=LED9(发光二极管0805)
Added Component: Designator=P1(CR1220)
Added Component: Designator=Q1(SOT-23)
Added Component: Designator=Q2(SOT-23)
Added Component: Designator=Q3(SOT-23)
Added Component: Designator=Q4(SOT-23)
Added Component: Designator=Q5(SOT-23 - MOS)
Added Component: Designator=Q6(SOT-23)
Added Component: Designator=Q7(SOT-23)
Added Component: Designator=R1(0805_SMD_R)
Added Component: Designator=R2(0805_SMD_R)
Added Component: Designator=R3(0805_SMD_R)
Added Component: Designator=R4(0805_SMD_R)
Added Component: Designator=R5(0805_SMD_R)
Added Component: Designator=R6(0805_SMD_R)
Added Component: Designator=R7(0805_SMD_R)
Added Component: Designator=R8(0805_SMD_R)
Added Component: Designator=R9(0805_SMD_R)
Added Component: Designator=R10(0805_SMD_R)
Added Component: Designator=R11(0805_SMD_R)
Added Component: Designator=R12(0805_SMD_R)
Added Component: Designator=R13(0805_SMD_R)
Added Component: Designator=R14(0805_SMD_R)
Added Component: Designator=R15(0805_SMD_R)
Added Component: Designator=R16(0805_SMD_R)
Added Component: Designator=R17(0805_SMD_R)
Added Component: Designator=R18(0805_SMD_R)
Added Component: Designator=R19(0805_SMD_R)
Added Component: Designator=R20(0805_SMD_R)
Added Component: Designator=R21(0805_SMD_R)
Added Component: Designator=R22(0805_SMD_R)
Added Component: Designator=R23(0805_SMD_R)
Added Component: Designator=R24(0805_SMD_R)
Added Component: Designator=R25(0805_SMD_R)
Added Component: Designator=R26(0805_SMD_R)
Added Component: Designator=R27(0805_SMD_R)
Added Component: Designator=R28(0805_SMD_R)
Added Component: Designator=R29(0805_SMD_R)
Added Component: Designator=R30(0805_SMD_R)
Added Component: Designator=R31(0805_SMD_R)
Added Component: Designator=R32(0805_SMD_R)
Added Component: Designator=R33(0805_SMD_R)
Added Component: Designator=R34(0805_SMD_R)
Added Component: Designator=R35(0805_SMD_R)
Added Component: Designator=R36(0805_SMD_R)
Added Component: Designator=R37(0805_SMD_R)
Added Component: Designator=R38(0805_SMD_R)
Added Component: Designator=R39(0805_SMD_R)
Added Component: Designator=R40(0805_SMD_R)
Added Component: Designator=R41(0805_SMD_R)
Added Component: Designator=R42(0805_SMD_R)
Added Component: Designator=R43(0805_SMD_R)
Added Component: Designator=R44(0805_SMD_R)
Added Component: Designator=R45(0805_SMD_R)
Added Component: Designator=R46(0805_SMD_R)
Added Component: Designator=R47(0805_SMD_R)
Added Component: Designator=R48(0805_SMD_R)
Added Component: Designator=R49(0805_SMD_R)
Added Component: Designator=R50(0805_SMD_R)
Added Component: Designator=R51(RAD0.2)
Added Component: Designator=R52(0805_SMD_R)
Added Component: Designator=R53(0805_SMD_R)
Added Component: Designator=R54(0805_SMD_R)
Added Component: Designator=R55(0805_SMD_R)
Added Component: Designator=R56(0805_SMD_R)
Added Component: Designator=R57(0805_SMD_R)
Added Component: Designator=R58(0805_SMD_R)
Added Component: Designator=R59(0805_SMD_R)
Added Component: Designator=R60(0805_SMD_R)
Added Component: Designator=R61(0805_SMD_R)
Added Component: Designator=R62(0805_SMD_R)
Added Component: Designator=R63(0805_SMD_R)
Added Component: Designator=R64(0805_SMD_R)
Added Component: Designator=R65(0805_SMD_R)
Added Component: Designator=R66(0805_SMD_R)
Added Component: Designator=R67(0805_SMD_R)
Added Component: Designator=R68(0805_SMD_R)
Added Component: Designator=R69(0805_SMD_R)
Added Component: Designator=R70(0805_SMD_R)
Added Component: Designator=R71(0805_SMD_R)
Added Component: Designator=R72(0805_SMD_R)
Added Component: Designator=R73(0805_SMD_R)
Added Component: Designator=R74(0805_SMD_R)
Added Component: Designator=R75(0805_SMD_R)
Added Component: Designator=R76(0805_SMD_R)
Added Component: Designator=R77(0805_SMD_R)
Added Component: Designator=R78(0805_SMD_R)
Added Component: Designator=R79(0805_SMD_R)
Added Component: Designator=R80(0805_SMD_R)
Added Component: Designator=R81(0805_SMD_R)
Added Component: Designator=R82(0805_SMD_R)
Added Component: Designator=R83(0805_SMD_R)
Added Component: Designator=R84(0805_SMD_R)
Added Component: Designator=R85(0805_SMD_R)
Added Component: Designator=R86(0805_SMD_R)
Added Component: Designator=R87(0805_SMD_R)
Added Component: Designator=SW1(DSHP02TSGET)
Added Component: Designator=SW2(SW4)
Added Component: Designator=T1(二极管SMA)
Added Component: Designator=T2(二极管SMA)
Added Component: Designator=T3(二极管SMA)
Added Component: Designator=T4(二极管SMA)
Added Component: Designator=T5(二极管SMA)
Added Component: Designator=T6(二极管SMA)
Added Component: Designator=TVS1(SC70-6L)
Added Component: Designator=TVS2(SC70-6L)
Added Component: Designator=TVS3(SC70-6L)
Added Component: Designator=U1(i.MX6_PCB)
Added Component: Designator=U2(SOIC127P700X210-16M)
Added Component: Designator=U3(SOIC127P700X210-16M)
Added Component: Designator=U4(运放SO8)
Added Component: Designator=U5(LC-QFN-32_5x5x05P)
Added Component: Designator=U6(SOT-223)
Added Component: Designator=U7(VRB2405YMD-6WR3)
Added Component: Designator=U8(SOT-23-6)
Added Component: Designator=U9(SOIC_16)
Added Component: Designator=U10(SOIC_16)
Added Component: Designator=U11(SOIC_16)
Added Component: Designator=U12(SOT-23)
Added Component: Designator=U13(运放SO8)
Added Component: Designator=U14(TF)
Added Pin To Net: NetName=5V_COMM Pin=BC1-1
Added Pin To Net: NetName=GND Pin=C1-1
Added Pin To Net: NetName=5V_SYS Pin=C1-2
Added Pin To Net: NetName=5V_SYS Pin=C2-1
Added Pin To Net: NetName=GND Pin=C2-2
Added Pin To Net: NetName=NetC3_2 Pin=C3-2
Added Pin To Net: NetName=NetC3_2 Pin=C4-2
Added Pin To Net: NetName=NetC3_2 Pin=C5-2
Added Pin To Net: NetName=NetC3_2 Pin=C6-2
Added Pin To Net: NetName=GND Pin=C7-1
Added Pin To Net: NetName=GND Pin=C8-1
Added Pin To Net: NetName=3.3V Pin=C8-2
Added Pin To Net: NetName=GND Pin=C9-1
Added Pin To Net: NetName=NetC9_2 Pin=C9-2
Added Pin To Net: NetName=3.3V Pin=C10-1
Added Pin To Net: NetName=GND Pin=C10-2
Added Pin To Net: NetName=NetC9_2 Pin=C11-1
Added Pin To Net: NetName=GND Pin=C11-2
Added Pin To Net: NetName=3.3V Pin=C12-1
Added Pin To Net: NetName=GND Pin=C12-2
Added Pin To Net: NetName=GND Pin=C13-1
Added Pin To Net: NetName=GND Pin=C14-1
Added Pin To Net: NetName=NetC14_2 Pin=C14-2
Added Pin To Net: NetName=GND Pin=C15-1
Added Pin To Net: NetName=3.3V Pin=C15-2
Added Pin To Net: NetName=3.3V_SYS Pin=C16-1
Added Pin To Net: NetName=GND Pin=C16-2
Added Pin To Net: NetName=3.3V_SYS Pin=C17-1
Added Pin To Net: NetName=GND Pin=C17-2
Added Pin To Net: NetName=GND_COMM Pin=C18-2
Added Pin To Net: NetName=GND_COMM Pin=C19-2
Added Pin To Net: NetName=5V_SYS Pin=C20-1
Added Pin To Net: NetName=GND Pin=C20-2
Added Pin To Net: NetName=5V_SYS Pin=C21-1
Added Pin To Net: NetName=GND Pin=C21-2
Added Pin To Net: NetName=5V Pin=C22-1
Added Pin To Net: NetName=GND Pin=C22-2
Added Pin To Net: NetName=5V Pin=C23-1
Added Pin To Net: NetName=GND Pin=C23-2
Added Pin To Net: NetName=GND_COMM Pin=C24-2
Added Pin To Net: NetName=5V_COMM Pin=C26-1
Added Pin To Net: NetName=GND_COMM Pin=C26-2
Added Pin To Net: NetName=5V_COMM Pin=C27-1
Added Pin To Net: NetName=GND_COMM Pin=C27-2
Added Pin To Net: NetName=GND_COMM Pin=C28-1
Added Pin To Net: NetName=5V_COMM Pin=C28-2
Added Pin To Net: NetName=GND_COMM Pin=C29-1
Added Pin To Net: NetName=5V_COMM Pin=C29-2
Added Pin To Net: NetName=3.3V Pin=C31-1
Added Pin To Net: NetName=GND Pin=C31-2
Added Pin To Net: NetName=GND Pin=C32-1
Added Pin To Net: NetName=3.3V Pin=C32-2
Added Pin To Net: NetName=GND_COMM Pin=C33-1
Added Pin To Net: NetName=5V_COMM Pin=C33-2
Added Pin To Net: NetName=5V_COMM Pin=C34-1
Added Pin To Net: NetName=GND_COMM Pin=C34-2
Added Pin To Net: NetName=GND_COMM Pin=C35-2
Added Pin To Net: NetName=GND_COMM Pin=C36-2
Added Pin To Net: NetName=3.3V Pin=C37-1
Added Pin To Net: NetName=GND Pin=C37-2
Added Pin To Net: NetName=GND Pin=C38-1
Added Pin To Net: NetName=3.3V Pin=C38-2
Added Pin To Net: NetName=GND_COMM Pin=C39-1
Added Pin To Net: NetName=5V_COMM Pin=C39-2
Added Pin To Net: NetName=5V_COMM Pin=C40-1
Added Pin To Net: NetName=GND_COMM Pin=C40-2
Added Pin To Net: NetName=GND_COMM Pin=C41-2
Added Pin To Net: NetName=GND_COMM Pin=C42-2
Added Pin To Net: NetName=3.3V Pin=C43-1
Added Pin To Net: NetName=GND Pin=C43-2
Added Pin To Net: NetName=GND Pin=C44-1
Added Pin To Net: NetName=3.3V Pin=C44-2
Added Pin To Net: NetName=GND_COMM Pin=C45-1
Added Pin To Net: NetName=5V_COMM Pin=C45-2
Added Pin To Net: NetName=5V_COMM Pin=C46-1
Added Pin To Net: NetName=GND_COMM Pin=C46-2
Added Pin To Net: NetName=GND_COMM Pin=C47-2
Added Pin To Net: NetName=GND_COMM Pin=C48-2
Added Pin To Net: NetName=GND Pin=C49-2
Added Pin To Net: NetName=GND Pin=C50-2
Added Pin To Net: NetName=5V Pin=C51-1
Added Pin To Net: NetName=GND Pin=C51-2
Added Pin To Net: NetName=5V Pin=C52-1
Added Pin To Net: NetName=GND Pin=C52-2
Added Pin To Net: NetName=USB_OTG2_VBUS Pin=C53-1
Added Pin To Net: NetName=GND Pin=C53-2
Added Pin To Net: NetName=USB_OTG2_VBUS Pin=C54-1
Added Pin To Net: NetName=GND Pin=C54-2
Added Pin To Net: NetName=NetCN1_1 Pin=CN1-1
Added Pin To Net: NetName=NetCN1_2 Pin=CN1-2
Added Pin To Net: NetName=NetCN1_3 Pin=CN1-3
Added Pin To Net: NetName=NetCN1_4 Pin=CN1-4
Added Pin To Net: NetName=NetCN2_2 Pin=CN2-2
Added Pin To Net: NetName=NetCN2_4 Pin=CN2-4
Added Pin To Net: NetName=NetC3_2 Pin=CN2-5
Added Pin To Net: NetName=NetCN3_1 Pin=CN3-1
Added Pin To Net: NetName=NetCN3_2 Pin=CN3-2
Added Pin To Net: NetName=NetCN3_3 Pin=CN3-3
Added Pin To Net: NetName=NetC14_2 Pin=CN3-5
Added Pin To Net: NetName=NetCN3_6 Pin=CN3-6
Added Pin To Net: NetName=EARTH Pin=CN3-8
Added Pin To Net: NetName=3.3V Pin=CN3-9
Added Pin To Net: NetName=NetCN3_10 Pin=CN3-10
Added Pin To Net: NetName=NetCN3_11 Pin=CN3-11
Added Pin To Net: NetName=3.3V Pin=CN3-12
Added Pin To Net: NetName=EARTH Pin=CN3-13
Added Pin To Net: NetName=EARTH Pin=CN3-14
Added Pin To Net: NetName=EARTH Pin=CN4-1
Added Pin To Net: NetName=GND_COMM Pin=CN4-2
Added Pin To Net: NetName=UART1_TXD Pin=CN7-1
Added Pin To Net: NetName=UART1_RXD Pin=CN7-2
Added Pin To Net: NetName=GND Pin=CN7-3
Added Pin To Net: NetName=USB_OTG_ID Pin=CN8-4
Added Pin To Net: NetName=GND Pin=CN8-5
Added Pin To Net: NetName=EARTH Pin=CN8-6
Added Pin To Net: NetName=EARTH Pin=CN8-7
Added Pin To Net: NetName=EARTH Pin=CN8-8
Added Pin To Net: NetName=EARTH Pin=CN8-9
Added Pin To Net: NetName=EARTH Pin=CN8-9
Added Pin To Net: NetName=USB_OTG2_VBUS Pin=CN9-1
Added Pin To Net: NetName=NetCN9_2 Pin=CN9-2
Added Pin To Net: NetName=NetCN9_3 Pin=CN9-3
Added Pin To Net: NetName=GND Pin=CN9-4
Added Pin To Net: NetName=EARTH Pin=CN9-5
Added Pin To Net: NetName=EARTH Pin=CN9-6
Added Pin To Net: NetName=EARTH Pin=CN9-7
Added Pin To Net: NetName=EARTH Pin=CN9-8
Added Pin To Net: NetName=GND_COMM Pin=C？1-2
Added Pin To Net: NetName=NetC3_2 Pin=D1-A
Added Pin To Net: NetName=NetC3_2 Pin=D2-A
Added Pin To Net: NetName=NetC3_2 Pin=D3-A
Added Pin To Net: NetName=NetC3_2 Pin=D4-A
Added Pin To Net: NetName=3.3V Pin=D5-2
Added Pin To Net: NetName=NetLED1_A Pin=LED1-A
Added Pin To Net: NetName=NetLED1_K Pin=LED1-K
Added Pin To Net: NetName=NetLED2_A Pin=LED2-A
Added Pin To Net: NetName=NetLED2_K Pin=LED2-K
Added Pin To Net: NetName=NetLED3_A Pin=LED3-A
Added Pin To Net: NetName=NetLED3_K Pin=LED3-K
Added Pin To Net: NetName=NetLED4_A Pin=LED4-A
Added Pin To Net: NetName=NetLED4_K Pin=LED4-K
Added Pin To Net: NetName=NetLED5_A Pin=LED5-A
Added Pin To Net: NetName=GND Pin=LED5-K
Added Pin To Net: NetName=NetLED6_A Pin=LED6-A
Added Pin To Net: NetName=CAN1_RXD Pin=LED6-K
Added Pin To Net: NetName=NetLED7_A Pin=LED7-A
Added Pin To Net: NetName=CAN1_TXD Pin=LED7-K
Added Pin To Net: NetName=NetLED8_A Pin=LED8-A
Added Pin To Net: NetName=UART2_TXD Pin=LED8-K
Added Pin To Net: NetName=NetLED9_A Pin=LED9-A
Added Pin To Net: NetName=UART3_TXD Pin=LED9-K
Added Pin To Net: NetName=GND Pin=P1-2
Added Pin To Net: NetName=NetQ1_1 Pin=Q1-1
Added Pin To Net: NetName=NetCN1_2 Pin=Q1-2
Added Pin To Net: NetName=NetCN1_1 Pin=Q1-3
Added Pin To Net: NetName=NetCN1_4 Pin=Q2-2
Added Pin To Net: NetName=NetCN1_3 Pin=Q2-3
Added Pin To Net: NetName=3.3V_SYS Pin=Q3-2
Added Pin To Net: NetName=3.3V Pin=Q3-3
Added Pin To Net: NetName=5V_SYS Pin=Q4-2
Added Pin To Net: NetName=5V Pin=Q4-3
Added Pin To Net: NetName=GND Pin=Q5-S
Added Pin To Net: NetName=GND Pin=Q6-2
Added Pin To Net: NetName=GND Pin=Q7-2
Added Pin To Net: NetName=NetR1_1 Pin=R1-1
Added Pin To Net: NetName=3.3V Pin=R1-2
Added Pin To Net: NetName=NetR2_1 Pin=R2-1
Added Pin To Net: NetName=3.3V Pin=R2-2
Added Pin To Net: NetName=3.3V Pin=R3-1
Added Pin To Net: NetName=NetR3_2 Pin=R3-2
Added Pin To Net: NetName=NetR4_1 Pin=R4-1
Added Pin To Net: NetName=3.3V_SYS Pin=R4-2
Added Pin To Net: NetName=GND Pin=R5-1
Added Pin To Net: NetName=BOOT_MODE0 Pin=R5-2
Added Pin To Net: NetName=GND Pin=R6-1
Added Pin To Net: NetName=BOOT_MODE1 Pin=R6-2
Added Pin To Net: NetName=LCD_D7 Pin=R7-1
Added Pin To Net: NetName=3.3V Pin=R7-2
Added Pin To Net: NetName=3.3V Pin=R8-1
Added Pin To Net: NetName=NetLED1_A Pin=R8-2
Added Pin To Net: NetName=3.3V Pin=R9-1
Added Pin To Net: NetName=NetLED2_A Pin=R9-2
Added Pin To Net: NetName=GND Pin=R10-1
Added Pin To Net: NetName=LCD_D11 Pin=R10-2
Added Pin To Net: NetName=GND Pin=R11-1
Added Pin To Net: NetName=LCD_D6 Pin=R11-2
Added Pin To Net: NetName=GND Pin=R12-1
Added Pin To Net: NetName=LCD_D5 Pin=R12-2
Added Pin To Net: NetName=GND Pin=R13-1
Added Pin To Net: NetName=LCD_D4 Pin=R13-2
Added Pin To Net: NetName=GND Pin=R14-1
Added Pin To Net: NetName=LCD_D3 Pin=R14-2
Added Pin To Net: NetName=3.3V Pin=R15-1
Added Pin To Net: NetName=NetLED3_A Pin=R15-2
Added Pin To Net: NetName=3.3V Pin=R16-1
Added Pin To Net: NetName=NetLED4_A Pin=R16-2
Added Pin To Net: NetName=3.3V Pin=R17-2
Added Pin To Net: NetName=3.3V Pin=R18-2
Added Pin To Net: NetName=3.3V Pin=R19-2
Added Pin To Net: NetName=3.3V Pin=R20-2
Added Pin To Net: NetName=GPIO_4 Pin=R21-1
Added Pin To Net: NetName=3.3V Pin=R21-2
Added Pin To Net: NetName=3.3V Pin=R22-2
Added Pin To Net: NetName=3.3V Pin=R23-2
Added Pin To Net: NetName=3.3V Pin=R24-2
Added Pin To Net: NetName=NetCN2_2 Pin=R26-1
Added Pin To Net: NetName=NetCN2_4 Pin=R28-1
Added Pin To Net: NetName=3.3V Pin=R29-1
Added Pin To Net: NetName=3.3V Pin=R30-1
Added Pin To Net: NetName=I2C1_SDA Pin=R30-2
Added Pin To Net: NetName=3.3V Pin=R31-1
Added Pin To Net: NetName=I2C1_SCL Pin=R31-2
Added Pin To Net: NetName=3.3V Pin=R32-1
Added Pin To Net: NetName=ENET1_NRST Pin=R33-1
Added Pin To Net: NetName=GND Pin=R34-2
Added Pin To Net: NetName=3.3V Pin=R35-2
Added Pin To Net: NetName=SPEED_LED Pin=R36-1
Added Pin To Net: NetName=3.3V Pin=R36-2
Added Pin To Net: NetName=LINK_LED Pin=R37-1
Added Pin To Net: NetName=3.3V Pin=R37-2
Added Pin To Net: NetName=NetCN3_11 Pin=R38-1
Added Pin To Net: NetName=SPEED_LED Pin=R38-2
Added Pin To Net: NetName=NetCN3_10 Pin=R39-1
Added Pin To Net: NetName=LINK_LED Pin=R39-2
Added Pin To Net: NetName=GND Pin=R40-1
Added Pin To Net: NetName=ENET1_CRS_DV Pin=R40-2
Added Pin To Net: NetName=GND Pin=R41-1
Added Pin To Net: NetName=ENET1_RXER Pin=R41-2
Added Pin To Net: NetName=ENET1_INT Pin=R42-1
Added Pin To Net: NetName=3.3V Pin=R42-2
Added Pin To Net: NetName=GND Pin=R43-1
Added Pin To Net: NetName=GND Pin=R44-1
Added Pin To Net: NetName=3.3V Pin=R45-2
Added Pin To Net: NetName=GND Pin=R46-1
Added Pin To Net: NetName=ENET1_RXD1 Pin=R46-2
Added Pin To Net: NetName=GND Pin=R47-1
Added Pin To Net: NetName=ENET1_RXD0 Pin=R47-2
Added Pin To Net: NetName=ENET1_MDIO Pin=R48-1
Added Pin To Net: NetName=3.3V Pin=R48-2
Added Pin To Net: NetName=ENET1_MDC Pin=R49-1
Added Pin To Net: NetName=3.3V Pin=R49-2
Added Pin To Net: NetName=3.3V_SYS Pin=R50-2
Added Pin To Net: NetName=GND_COMM Pin=R51-1
Added Pin To Net: NetName=NetLED5_A Pin=R52-1
Added Pin To Net: NetName=5V_SYS Pin=R52-2
Added Pin To Net: NetName=5V_SYS Pin=R53-2
Added Pin To Net: NetName=PMIC_ON_REQ Pin=R54-1
Added Pin To Net: NetName=GND Pin=R55-2
Added Pin To Net: NetName=5V_COMM Pin=R56-2
Added Pin To Net: NetName=GND_COMM Pin=R59-1
Added Pin To Net: NetName=GND_COMM Pin=R60-1
Added Pin To Net: NetName=NetLED6_A Pin=R61-1
Added Pin To Net: NetName=3.3V Pin=R61-2
Added Pin To Net: NetName=NetLED7_A Pin=R63-1
Added Pin To Net: NetName=3.3V Pin=R63-2
Added Pin To Net: NetName=NetLED8_A Pin=R65-1
Added Pin To Net: NetName=3.3V Pin=R65-2
Added Pin To Net: NetName=NetLED9_A Pin=R67-1
Added Pin To Net: NetName=3.3V Pin=R67-2
Added Pin To Net: NetName=3.3V Pin=R69-1
Added Pin To Net: NetName=3.3V Pin=R70-1
Added Pin To Net: NetName=USB_OTG_ID Pin=R70-2
Added Pin To Net: NetName=USB_OTG_DN Pin=R71-2
Added Pin To Net: NetName=USB_OTG_DP Pin=R72-2
Added Pin To Net: NetName=USB_OTG2_OC Pin=R73-1
Added Pin To Net: NetName=3.3V Pin=R74-1
Added Pin To Net: NetName=USB_OTG1_OC Pin=R75-1
Added Pin To Net: NetName=3.3V Pin=R77-2
Added Pin To Net: NetName=USB_OTG_ID Pin=R78-2
Added Pin To Net: NetName=GND Pin=R79-2
Added Pin To Net: NetName=NetCN9_2 Pin=R80-1
Added Pin To Net: NetName=USB_OTG2_DN Pin=R80-2
Added Pin To Net: NetName=NetCN9_3 Pin=R81-1
Added Pin To Net: NetName=USB_OTG2_DP Pin=R81-2
Added Pin To Net: NetName=SD1_DATA2 Pin=R82-1
Added Pin To Net: NetName=3.3V Pin=R82-2
Added Pin To Net: NetName=SD1_DATA3 Pin=R83-1
Added Pin To Net: NetName=3.3V Pin=R83-2
Added Pin To Net: NetName=SD1_CMD Pin=R84-1
Added Pin To Net: NetName=3.3V Pin=R84-2
Added Pin To Net: NetName=SD1_CLK Pin=R85-1
Added Pin To Net: NetName=3.3V Pin=R85-2
Added Pin To Net: NetName=SD1_DATA0 Pin=R86-1
Added Pin To Net: NetName=3.3V Pin=R86-2
Added Pin To Net: NetName=SD1_DATA1 Pin=R87-1
Added Pin To Net: NetName=3.3V Pin=R87-2
Added Pin To Net: NetName=BOOT_MODE0 Pin=SW1-1
Added Pin To Net: NetName=BOOT_MODE1 Pin=SW1-2
Added Pin To Net: NetName=NetR2_1 Pin=SW1-3
Added Pin To Net: NetName=NetR1_1 Pin=SW1-4
Added Pin To Net: NetName=NetSW2_1 Pin=SW2-1
Added Pin To Net: NetName=GND Pin=SW2-2
Added Pin To Net: NetName=GND_COMM Pin=T1-A
Added Pin To Net: NetName=GND_COMM Pin=T2-A
Added Pin To Net: NetName=GND_COMM Pin=T3-A
Added Pin To Net: NetName=GND_COMM Pin=T4-A
Added Pin To Net: NetName=GND_COMM Pin=T5-A
Added Pin To Net: NetName=GND_COMM Pin=T6-A
Added Pin To Net: NetName=NetCN3_1 Pin=TVS1-1
Added Pin To Net: NetName=GND Pin=TVS1-2
Added Pin To Net: NetName=NetCN3_3 Pin=TVS1-3
Added Pin To Net: NetName=NetCN3_6 Pin=TVS1-4
Added Pin To Net: NetName=NetCN3_2 Pin=TVS1-6
Added Pin To Net: NetName=USB_OTG_DP Pin=TVS2-1
Added Pin To Net: NetName=GND Pin=TVS2-2
Added Pin To Net: NetName=USB_OTG_ID Pin=TVS2-3
Added Pin To Net: NetName=USB_OTG2_DN Pin=TVS3-1
Added Pin To Net: NetName=GND Pin=TVS3-2
Added Pin To Net: NetName=USB_OTG2_VBUS Pin=TVS3-5
Added Pin To Net: NetName=NetCN9_3 Pin=TVS3-6
Added Pin To Net: NetName=I2C2_SDA Pin=U1-1
Added Pin To Net: NetName=GND Pin=U1-2
Added Pin To Net: NetName=I2C2_SCL Pin=U1-3
Added Pin To Net: NetName=I2C1_SDA Pin=U1-5
Added Pin To Net: NetName=I2C1_SCL Pin=U1-7
Added Pin To Net: NetName=CAN1_TXD Pin=U1-9
Added Pin To Net: NetName=CAN1_RXD Pin=U1-11
Added Pin To Net: NetName=NetLED4_K Pin=U1-12
Added Pin To Net: NetName=UART3_RXD Pin=U1-13
Added Pin To Net: NetName=NetLED3_K Pin=U1-14
Added Pin To Net: NetName=UART3_TXD Pin=U1-15
Added Pin To Net: NetName=NetLED2_K Pin=U1-16
Added Pin To Net: NetName=GND Pin=U1-17
Added Pin To Net: NetName=NetLED1_K Pin=U1-18
Added Pin To Net: NetName=UART3_EN Pin=U1-19
Added Pin To Net: NetName=ENET1_MDC Pin=U1-20
Added Pin To Net: NetName=UART2_EN Pin=U1-21
Added Pin To Net: NetName=ENET1_MDIO Pin=U1-22
Added Pin To Net: NetName=UART2_RXD Pin=U1-23
Added Pin To Net: NetName=GND Pin=U1-24
Added Pin To Net: NetName=UART2_TXD Pin=U1-25
Added Pin To Net: NetName=GPIO_4 Pin=U1-28
Added Pin To Net: NetName=SD1_CHECK Pin=U1-29
Added Pin To Net: NetName=UART1_RXD Pin=U1-31
Added Pin To Net: NetName=UART1_TXD Pin=U1-33
Added Pin To Net: NetName=GND Pin=U1-35
Added Pin To Net: NetName=USB_OTG_ID Pin=U1-36
Added Pin To Net: NetName=GPIO_9 Pin=U1-38
Added Pin To Net: NetName=GPIO_8 Pin=U1-40
Added Pin To Net: NetName=GND Pin=U1-42
Added Pin To Net: NetName=GND Pin=U1-49
Added Pin To Net: NetName=ENET1_INT Pin=U1-52
Added Pin To Net: NetName=ENET1_NRST Pin=U1-54
Added Pin To Net: NetName=GND Pin=U1-55
Added Pin To Net: NetName=USB2_DN Pin=U1-57
Added Pin To Net: NetName=GND Pin=U1-58
Added Pin To Net: NetName=USB2_DP Pin=U1-59
Added Pin To Net: NetName=USB_OTG2_VBUS Pin=U1-61
Added Pin To Net: NetName=GND Pin=U1-63
Added Pin To Net: NetName=BOOT_MODE1 Pin=U1-66
Added Pin To Net: NetName=USB_OTG_DP Pin=U1-67
Added Pin To Net: NetName=BOOT_MODE0 Pin=U1-68
Added Pin To Net: NetName=USB_OTG_DN Pin=U1-69
Added Pin To Net: NetName=USB_OTG1_VBUS Pin=U1-71
Added Pin To Net: NetName=NetR4_1 Pin=U1-73
Added Pin To Net: NetName=NetSW2_1 Pin=U1-74
Added Pin To Net: NetName=GND Pin=U1-75
Added Pin To Net: NetName=PMIC_ON_REQ Pin=U1-76
Added Pin To Net: NetName=5V_SYS Pin=U1-77
Added Pin To Net: NetName=5V_SYS Pin=U1-79
Added Pin To Net: NetName=GND Pin=U1-80
Added Pin To Net: NetName=LCD_HSYNC Pin=U1-81
Added Pin To Net: NetName=LCD_D23 Pin=U1-82
Added Pin To Net: NetName=LCD_VSYNC Pin=U1-83
Added Pin To Net: NetName=LCD_D22 Pin=U1-84
Added Pin To Net: NetName=LCD_DE Pin=U1-85
Added Pin To Net: NetName=LCD_D21 Pin=U1-86
Added Pin To Net: NetName=GND Pin=U1-87
Added Pin To Net: NetName=LCD_D20 Pin=U1-88
Added Pin To Net: NetName=LCD_PCLK Pin=U1-89
Added Pin To Net: NetName=LCD_D19 Pin=U1-90
Added Pin To Net: NetName=LCD_RST Pin=U1-91
Added Pin To Net: NetName=LCD_D18 Pin=U1-92
Added Pin To Net: NetName=ENET1_RXER Pin=U1-93
Added Pin To Net: NetName=LCD_D17 Pin=U1-94
Added Pin To Net: NetName=ENET1_TX_CLK Pin=U1-95
Added Pin To Net: NetName=LCD_D16 Pin=U1-96
Added Pin To Net: NetName=ENET1_TXEN Pin=U1-97
Added Pin To Net: NetName=GND Pin=U1-98
Added Pin To Net: NetName=ENET1_RXD1 Pin=U1-99
Added Pin To Net: NetName=LCD_D15 Pin=U1-100
Added Pin To Net: NetName=ENET1_RXD0 Pin=U1-101
Added Pin To Net: NetName=LCD_D14 Pin=U1-102
Added Pin To Net: NetName=ENET1_CRS_DV Pin=U1-103
Added Pin To Net: NetName=LCD_D13 Pin=U1-104
Added Pin To Net: NetName=ENET1_TXD1 Pin=U1-105
Added Pin To Net: NetName=LCD_D12 Pin=U1-106
Added Pin To Net: NetName=ENET1_TXD0 Pin=U1-107
Added Pin To Net: NetName=LCD_D11 Pin=U1-108
Added Pin To Net: NetName=GND Pin=U1-109
Added Pin To Net: NetName=LCD_D10 Pin=U1-110
Added Pin To Net: NetName=LCD_D9 Pin=U1-112
Added Pin To Net: NetName=LCD_D8 Pin=U1-114
Added Pin To Net: NetName=GND Pin=U1-116
Added Pin To Net: NetName=LCD_D7 Pin=U1-118
Added Pin To Net: NetName=LCD_D6 Pin=U1-120
Added Pin To Net: NetName=LCD_D5 Pin=U1-122
Added Pin To Net: NetName=LCD_D4 Pin=U1-124
Added Pin To Net: NetName=LCD_D3 Pin=U1-126
Added Pin To Net: NetName=LCD_D2 Pin=U1-128
Added Pin To Net: NetName=LCD_D1 Pin=U1-130
Added Pin To Net: NetName=CSI_PIXCLK Pin=U1-131
Added Pin To Net: NetName=LCD_D0 Pin=U1-132
Added Pin To Net: NetName=CSI_HSYNC Pin=U1-133
Added Pin To Net: NetName=GND Pin=U1-134
Added Pin To Net: NetName=CSI_MCLK Pin=U1-135
Added Pin To Net: NetName=CSI_VSYNC Pin=U1-137
Added Pin To Net: NetName=GND Pin=U1-139
Added Pin To Net: NetName=CSI_DATA0 Pin=U1-141
Added Pin To Net: NetName=CSI_DATA1 Pin=U1-143
Added Pin To Net: NetName=CSI_DATA2 Pin=U1-145
Added Pin To Net: NetName=CSI_DATA3 Pin=U1-147
Added Pin To Net: NetName=CSI_DATA4 Pin=U1-149
Added Pin To Net: NetName=SD1_DATA0 Pin=U1-150
Added Pin To Net: NetName=CSI_DATA5 Pin=U1-151
Added Pin To Net: NetName=SD1_DATA1 Pin=U1-152
Added Pin To Net: NetName=CSI_DATA6 Pin=U1-153
Added Pin To Net: NetName=SD1_CLK Pin=U1-154
Added Pin To Net: NetName=CSI_DATA7 Pin=U1-155
Added Pin To Net: NetName=SD1_CMD Pin=U1-156
Added Pin To Net: NetName=GND Pin=U1-157
Added Pin To Net: NetName=SD1_DATA3 Pin=U1-158
Added Pin To Net: NetName=NetR3_2 Pin=U1-159
Added Pin To Net: NetName=SD1_DATA2 Pin=U1-160
Added Pin To Net: NetName=GND Pin=U2-2
Added Pin To Net: NetName=GPIO_8 Pin=U2-6
Added Pin To Net: NetName=GPIO_9 Pin=U2-8
Added Pin To Net: NetName=NetCN1_3 Pin=U2-10
Added Pin To Net: NetName=NetQ1_1 Pin=U2-11
Added Pin To Net: NetName=NetCN1_1 Pin=U2-12
Added Pin To Net: NetName=NetC3_2 Pin=U3-2
Added Pin To Net: NetName=NetC3_2 Pin=U3-4
Added Pin To Net: NetName=NetC3_2 Pin=U3-6
Added Pin To Net: NetName=NetC3_2 Pin=U3-8
Added Pin To Net: NetName=GND Pin=U3-9
Added Pin To Net: NetName=GND Pin=U3-11
Added Pin To Net: NetName=GND Pin=U3-13
Added Pin To Net: NetName=GND Pin=U3-15
Added Pin To Net: NetName=GPIO_4 Pin=U3-16
Added Pin To Net: NetName=GND Pin=U4-4
Added Pin To Net: NetName=I2C1_SDA Pin=U4-5
Added Pin To Net: NetName=I2C1_SCL Pin=U4-6
Added Pin To Net: NetName=GND Pin=U5-1
Added Pin To Net: NetName=NetC9_2 Pin=U5-2
Added Pin To Net: NetName=3.3V Pin=U5-3
Added Pin To Net: NetName=NetCN3_6 Pin=U5-4
Added Pin To Net: NetName=NetCN3_3 Pin=U5-5
Added Pin To Net: NetName=NetCN3_2 Pin=U5-6
Added Pin To Net: NetName=NetCN3_1 Pin=U5-7
Added Pin To Net: NetName=ENET1_TX_CLK Pin=U5-9
Added Pin To Net: NetName=ENET1_MDIO Pin=U5-11
Added Pin To Net: NetName=ENET1_MDC Pin=U5-12
Added Pin To Net: NetName=ENET1_RXD1 Pin=U5-15
Added Pin To Net: NetName=ENET1_RXD0 Pin=U5-16
Added Pin To Net: NetName=3.3V Pin=U5-17
Added Pin To Net: NetName=ENET1_CRS_DV Pin=U5-18
Added Pin To Net: NetName=ENET1_RXER Pin=U5-20
Added Pin To Net: NetName=ENET1_INT Pin=U5-21
Added Pin To Net: NetName=ENET1_TXEN Pin=U5-23
Added Pin To Net: NetName=ENET1_TXD0 Pin=U5-24
Added Pin To Net: NetName=ENET1_TXD1 Pin=U5-25
Added Pin To Net: NetName=LINK_LED Pin=U5-30
Added Pin To Net: NetName=SPEED_LED Pin=U5-31
Added Pin To Net: NetName=GND Pin=U6-1
Added Pin To Net: NetName=3.3V_SYS Pin=U6-2
Added Pin To Net: NetName=3.3V_SYS Pin=U6-2
Added Pin To Net: NetName=5V_SYS Pin=U6-3
Added Pin To Net: NetName=GND_COMM Pin=U7-1
Added Pin To Net: NetName=5V_SYS Pin=U7-3
Added Pin To Net: NetName=GND Pin=U7-5
Added Pin To Net: NetName=GND_COMM Pin=U8-1
Added Pin To Net: NetName=3.3V Pin=U9-1
Added Pin To Net: NetName=GND Pin=U9-2
Added Pin To Net: NetName=CAN1_RXD Pin=U9-3
Added Pin To Net: NetName=CAN1_TXD Pin=U9-6
Added Pin To Net: NetName=GND Pin=U9-7
Added Pin To Net: NetName=GND Pin=U9-8
Added Pin To Net: NetName=GND_COMM Pin=U9-9
Added Pin To Net: NetName=GND_COMM Pin=U9-10
Added Pin To Net: NetName=GND_COMM Pin=U9-15
Added Pin To Net: NetName=5V_COMM Pin=U9-16
Added Pin To Net: NetName=3.3V Pin=U10-1
Added Pin To Net: NetName=GND Pin=U10-2
Added Pin To Net: NetName=UART2_RXD Pin=U10-3
Added Pin To Net: NetName=UART2_EN Pin=U10-4
Added Pin To Net: NetName=UART2_EN Pin=U10-5
Added Pin To Net: NetName=UART2_TXD Pin=U10-6
Added Pin To Net: NetName=GND Pin=U10-7
Added Pin To Net: NetName=GND Pin=U10-8
Added Pin To Net: NetName=GND_COMM Pin=U10-9
Added Pin To Net: NetName=GND_COMM Pin=U10-10
Added Pin To Net: NetName=GND_COMM Pin=U10-15
Added Pin To Net: NetName=5V_COMM Pin=U10-16
Added Pin To Net: NetName=3.3V Pin=U11-1
Added Pin To Net: NetName=GND Pin=U11-2
Added Pin To Net: NetName=UART3_RXD Pin=U11-3
Added Pin To Net: NetName=UART3_EN Pin=U11-4
Added Pin To Net: NetName=UART3_EN Pin=U11-5
Added Pin To Net: NetName=UART3_TXD Pin=U11-6
Added Pin To Net: NetName=GND Pin=U11-7
Added Pin To Net: NetName=GND Pin=U11-8
Added Pin To Net: NetName=GND_COMM Pin=U11-9
Added Pin To Net: NetName=GND_COMM Pin=U11-10
Added Pin To Net: NetName=GND_COMM Pin=U11-15
Added Pin To Net: NetName=5V_COMM Pin=U11-16
Added Pin To Net: NetName=USB_OTG1_VBUS Pin=U12-3
Added Pin To Net: NetName=USB_OTG1_OC Pin=U13-2
Added Pin To Net: NetName=USB_OTG2_OC Pin=U13-3
Added Pin To Net: NetName=USB_OTG2_VBUS Pin=U13-5
Added Pin To Net: NetName=GND Pin=U13-6
Added Pin To Net: NetName=5V Pin=U13-7
Added Pin To Net: NetName=SD1_DATA2 Pin=U14-1
Added Pin To Net: NetName=SD1_DATA3 Pin=U14-2
Added Pin To Net: NetName=SD1_CMD Pin=U14-3
Added Pin To Net: NetName=3.3V Pin=U14-4
Added Pin To Net: NetName=SD1_CLK Pin=U14-5
Added Pin To Net: NetName=GND Pin=U14-6
Added Pin To Net: NetName=SD1_DATA0 Pin=U14-7
Added Pin To Net: NetName=SD1_DATA1 Pin=U14-8
Added Pin To Net: NetName=GND Pin=U14-9
Added Pin To Net: NetName=SD1_CHECK Pin=U14-10
Added Pin To Net: NetName=24V Pin=C18-1
Added Pin To Net: NetName=24V Pin=C19-1
Added Pin To Net: NetName=24V Pin=C24-1
Added Pin To Net: NetName=24V Pin=C？1-1
Added Pin To Net: NetName=24V Pin=D6-K
Added Pin To Net: NetName=24V Pin=R51-2
Added Pin To Net: NetName=24V Pin=U2-16
Added Pin To Net: NetName=24V Pin=U7-2
Added Pin To Net: NetName=24V Pin=U8-3
Added Net: Name=24V
Added Pin To Net: NetName=GPIO-1 Pin=R24-1
Added Pin To Net: NetName=GPIO-1 Pin=U3-10
Added Net: Name=GPIO-1
Added Pin To Net: NetName=GPIO-2 Pin=R23-1
Added Pin To Net: NetName=GPIO-2 Pin=U3-12
Added Net: Name=GPIO-2
Added Pin To Net: NetName=GPIO-3 Pin=R22-1
Added Pin To Net: NetName=GPIO-3 Pin=U3-14
Added Net: Name=GPIO-3
Added Pin To Net: NetName=GPIO_1 Pin=U1-34
Added Net: Name=GPIO_1
Added Pin To Net: NetName=GPIO_2 Pin=U1-32
Added Net: Name=GPIO_2
Added Pin To Net: NetName=GPIO_3 Pin=U1-30
Added Net: Name=GPIO_3
Added Pin To Net: NetName=NetBC1_2 Pin=BC1-2
Added Pin To Net: NetName=NetBC1_2 Pin=C25-2
Added Pin To Net: NetName=NetBC1_2 Pin=U8-2
Added Net: Name=NetBC1_2
Added Pin To Net: NetName=NetC3_1 Pin=C3-1
Added Pin To Net: NetName=NetC3_1 Pin=D1-K
Added Pin To Net: NetName=NetC3_1 Pin=R25-2
Added Pin To Net: NetName=NetC3_1 Pin=U3-1
Added Net: Name=NetC3_1
Added Pin To Net: NetName=NetC4_1 Pin=C4-1
Added Pin To Net: NetName=NetC4_1 Pin=D2-K
Added Pin To Net: NetName=NetC4_1 Pin=R26-2
Added Pin To Net: NetName=NetC4_1 Pin=U3-3
Added Net: Name=NetC4_1
Added Pin To Net: NetName=NetC5_1 Pin=C5-1
Added Pin To Net: NetName=NetC5_1 Pin=D3-K
Added Pin To Net: NetName=NetC5_1 Pin=R27-2
Added Pin To Net: NetName=NetC5_1 Pin=U3-5
Added Net: Name=NetC5_1
Added Pin To Net: NetName=NetC6_1 Pin=C6-1
Added Pin To Net: NetName=NetC6_1 Pin=D4-K
Added Pin To Net: NetName=NetC6_1 Pin=R28-2
Added Pin To Net: NetName=NetC6_1 Pin=U3-7
Added Net: Name=NetC6_1
Added Pin To Net: NetName=NetC7_2 Pin=C7-2
Added Pin To Net: NetName=NetC7_2 Pin=R33-2
Added Pin To Net: NetName=NetC7_2 Pin=U5-32
Added Net: Name=NetC7_2
Added Pin To Net: NetName=NetC13_2 Pin=C13-2
Added Pin To Net: NetName=NetC13_2 Pin=CN3-4
Added Net: Name=NetC13_2
Added Pin To Net: NetName=NetC25_1 Pin=C25-1
Added Pin To Net: NetName=NetC25_1 Pin=U8-6
Added Net: Name=NetC25_1
Added Pin To Net: NetName=NetC30_1 Pin=C30-1
Added Pin To Net: NetName=NetC30_1 Pin=R58-1
Added Pin To Net: NetName=NetC30_1 Pin=R60-2
Added Pin To Net: NetName=NetC30_1 Pin=U8-4
Added Net: Name=NetC30_1
Added Pin To Net: NetName=NetC30_2 Pin=C30-2
Added Pin To Net: NetName=NetC30_2 Pin=R56-1
Added Pin To Net: NetName=NetC30_2 Pin=R58-2
Added Net: Name=NetC30_2
Added Pin To Net: NetName=NetC35_1 Pin=C35-1
Added Pin To Net: NetName=NetC35_1 Pin=CN5-2
Added Pin To Net: NetName=NetC35_1 Pin=R62-1
Added Pin To Net: NetName=NetC35_1 Pin=T1-K
Added Pin To Net: NetName=NetC35_1 Pin=U9-12
Added Net: Name=NetC35_1
Added Pin To Net: NetName=NetC36_1 Pin=C36-1
Added Pin To Net: NetName=NetC36_1 Pin=CN5-1
Added Pin To Net: NetName=NetC36_1 Pin=R62-2
Added Pin To Net: NetName=NetC36_1 Pin=T2-K
Added Pin To Net: NetName=NetC36_1 Pin=U9-13
Added Net: Name=NetC36_1
Added Pin To Net: NetName=NetC41_1 Pin=C41-1
Added Pin To Net: NetName=NetC41_1 Pin=CN5-3
Added Pin To Net: NetName=NetC41_1 Pin=R64-1
Added Pin To Net: NetName=NetC41_1 Pin=T3-K
Added Pin To Net: NetName=NetC41_1 Pin=U10-12
Added Net: Name=NetC41_1
Added Pin To Net: NetName=NetC42_1 Pin=C42-1
Added Pin To Net: NetName=NetC42_1 Pin=CN5-4
Added Pin To Net: NetName=NetC42_1 Pin=R64-2
Added Pin To Net: NetName=NetC42_1 Pin=T4-K
Added Pin To Net: NetName=NetC42_1 Pin=U10-13
Added Net: Name=NetC42_1
Added Pin To Net: NetName=NetC47_1 Pin=C47-1
Added Pin To Net: NetName=NetC47_1 Pin=CN6-1
Added Pin To Net: NetName=NetC47_1 Pin=R66-1
Added Pin To Net: NetName=NetC47_1 Pin=T5-K
Added Pin To Net: NetName=NetC47_1 Pin=U11-12
Added Net: Name=NetC47_1
Added Pin To Net: NetName=NetC48_1 Pin=C48-1
Added Pin To Net: NetName=NetC48_1 Pin=CN6-2
Added Pin To Net: NetName=NetC48_1 Pin=R66-2
Added Pin To Net: NetName=NetC48_1 Pin=T6-K
Added Pin To Net: NetName=NetC48_1 Pin=U11-13
Added Net: Name=NetC48_1
Added Pin To Net: NetName=NetC49_1 Pin=C49-1
Added Pin To Net: NetName=NetC49_1 Pin=C50-1
Added Pin To Net: NetName=NetC49_1 Pin=CN8-1
Added Pin To Net: NetName=NetC49_1 Pin=R68-1
Added Pin To Net: NetName=NetC49_1 Pin=TVS2-5
Added Pin To Net: NetName=NetC49_1 Pin=U12-2
Added Pin To Net: NetName=NetC49_1 Pin=U13-8
Added Net: Name=NetC49_1
Added Pin To Net: NetName=NetCN2_1 Pin=CN2-1
Added Pin To Net: NetName=NetCN2_1 Pin=R25-1
Added Net: Name=NetCN2_1
Added Pin To Net: NetName=NetCN2_3 Pin=CN2-3
Added Pin To Net: NetName=NetCN2_3 Pin=R27-1
Added Net: Name=NetCN2_3
Added Pin To Net: NetName=NetCN4_3 Pin=CN4-3
Added Pin To Net: NetName=NetCN4_3 Pin=D6-A
Added Net: Name=NetCN4_3
Added Pin To Net: NetName=NetCN8_2 Pin=CN8-2
Added Pin To Net: NetName=NetCN8_2 Pin=R71-1
Added Pin To Net: NetName=NetCN8_2 Pin=TVS2-6
Added Net: Name=NetCN8_2
Added Pin To Net: NetName=NetCN8_3 Pin=CN8-3
Added Pin To Net: NetName=NetCN8_3 Pin=R72-1
Added Net: Name=NetCN8_3
Added Pin To Net: NetName=NetD5_1 Pin=D5-1
Added Pin To Net: NetName=NetD5_1 Pin=P1-1
Added Net: Name=NetD5_1
Added Pin To Net: NetName=NetD5_3 Pin=D5-3
Added Pin To Net: NetName=NetD5_3 Pin=U4-8
Added Net: Name=NetD5_3
Added Pin To Net: NetName=NetQ2_1 Pin=Q2-1
Added Pin To Net: NetName=NetQ2_1 Pin=U2-9
Added Net: Name=NetQ2_1
Added Pin To Net: NetName=NetQ3_1 Pin=Q3-1
Added Pin To Net: NetName=NetQ3_1 Pin=Q4-1
Added Pin To Net: NetName=NetQ3_1 Pin=Q5-D
Added Pin To Net: NetName=NetQ3_1 Pin=R50-1
Added Pin To Net: NetName=NetQ3_1 Pin=R53-1
Added Net: Name=NetQ3_1
Added Pin To Net: NetName=NetQ5_G Pin=Q5-G
Added Pin To Net: NetName=NetQ5_G Pin=R54-2
Added Pin To Net: NetName=NetQ5_G Pin=R55-1
Added Net: Name=NetQ5_G
Added Pin To Net: NetName=NetQ6_1 Pin=Q6-1
Added Pin To Net: NetName=NetQ6_1 Pin=R69-2
Added Net: Name=NetQ6_1
Added Pin To Net: NetName=NetQ6_3 Pin=Q6-3
Added Pin To Net: NetName=NetQ6_3 Pin=R68-2
Added Pin To Net: NetName=NetQ6_3 Pin=U12-1
Added Net: Name=NetQ6_3
Added Pin To Net: NetName=NetQ7_1 Pin=Q7-1
Added Pin To Net: NetName=NetQ7_1 Pin=R78-1
Added Pin To Net: NetName=NetQ7_1 Pin=R79-1
Added Net: Name=NetQ7_1
Added Pin To Net: NetName=NetQ7_3 Pin=Q7-3
Added Pin To Net: NetName=NetQ7_3 Pin=R74-2
Added Pin To Net: NetName=NetQ7_3 Pin=R76-2
Added Net: Name=NetQ7_3
Added Pin To Net: NetName=NetR17_1 Pin=R17-1
Added Pin To Net: NetName=NetR17_1 Pin=U2-1
Added Net: Name=NetR17_1
Added Pin To Net: NetName=NetR18_1 Pin=R18-1
Added Pin To Net: NetName=NetR18_1 Pin=U2-3
Added Net: Name=NetR18_1
Added Pin To Net: NetName=NetR19_1 Pin=R19-1
Added Pin To Net: NetName=NetR19_1 Pin=U2-5
Added Net: Name=NetR19_1
Added Pin To Net: NetName=NetR20_1 Pin=R20-1
Added Pin To Net: NetName=NetR20_1 Pin=U2-7
Added Net: Name=NetR20_1
Added Pin To Net: NetName=NetR29_2 Pin=R29-2
Added Pin To Net: NetName=NetR29_2 Pin=U4-3
Added Net: Name=NetR29_2
Added Pin To Net: NetName=NetR32_2 Pin=R32-2
Added Pin To Net: NetName=NetR32_2 Pin=U4-7
Added Net: Name=NetR32_2
Added Pin To Net: NetName=NetR34_1 Pin=R34-1
Added Pin To Net: NetName=NetR34_1 Pin=U5-29
Added Net: Name=NetR34_1
Added Pin To Net: NetName=NetR35_1 Pin=R35-1
Added Pin To Net: NetName=NetR35_1 Pin=U5-28
Added Net: Name=NetR35_1
Added Pin To Net: NetName=NetR43_2 Pin=R43-2
Added Pin To Net: NetName=NetR43_2 Pin=U5-10
Added Net: Name=NetR43_2
Added Pin To Net: NetName=NetR44_2 Pin=R44-2
Added Pin To Net: NetName=NetR44_2 Pin=U5-13
Added Net: Name=NetR44_2
Added Pin To Net: NetName=NetR45_1 Pin=R45-1
Added Pin To Net: NetName=NetR45_1 Pin=U5-14
Added Net: Name=NetR45_1
Added Pin To Net: NetName=NetR57_1 Pin=R57-1
Added Pin To Net: NetName=NetR57_1 Pin=R59-2
Added Pin To Net: NetName=NetR57_1 Pin=U8-5
Added Net: Name=NetR57_1
Added Pin To Net: NetName=NetR73_2 Pin=R73-2
Added Pin To Net: NetName=NetR73_2 Pin=R77-1
Added Pin To Net: NetName=NetR73_2 Pin=U13-4
Added Net: Name=NetR73_2
Added Pin To Net: NetName=NetR75_2 Pin=R75-2
Added Pin To Net: NetName=NetR75_2 Pin=R76-1
Added Pin To Net: NetName=NetR75_2 Pin=U13-1
Added Net: Name=NetR75_2
Added Pin To Net: NetName=POWER_EN Pin=R57-2
Added Pin To Net: NetName=POWER_EN Pin=U2-15
Added Net: Name=POWER_EN
Added Member To Class: ClassName=Power Member=Component BC1 10uH
Added Member To Class: ClassName=Cpu Member=Component C1 104
Added Member To Class: ClassName=Cpu Member=Component C2 10uF/10V
Added Member To Class: ClassName=Gpio_RTC Member=Component C3 104
Added Member To Class: ClassName=Gpio_RTC Member=Component C4 104
Added Member To Class: ClassName=Gpio_RTC Member=Component C5 104
Added Member To Class: ClassName=Gpio_RTC Member=Component C6 104
Added Member To Class: ClassName=Net Member=Component C7 104
Added Member To Class: ClassName=Net Member=Component C8 104
Added Member To Class: ClassName=Net Member=Component C9 104
Added Member To Class: ClassName=Net Member=Component C10 22uF
Added Member To Class: ClassName=Net Member=Component C11 22uF
Added Member To Class: ClassName=Net Member=Component C12 22uF
Added Member To Class: ClassName=Net Member=Component C13 104/25V
Added Member To Class: ClassName=Net Member=Component C14 104/25V
Added Member To Class: ClassName=Net Member=Component C15 104
Added Member To Class: ClassName=Power Member=Component C16 10uF/10V
Added Member To Class: ClassName=Power Member=Component C17 104
Added Member To Class: ClassName=Power Member=Component C18 47uF/50V
Added Member To Class: ClassName=Power Member=Component C19 104
Added Member To Class: ClassName=Power Member=Component C20 100uF/10V
Added Member To Class: ClassName=Power Member=Component C21 104
Added Member To Class: ClassName=Power Member=Component C22 10uF/10V
Added Member To Class: ClassName=Power Member=Component C23 104
Added Member To Class: ClassName=Power Member=Component C24 47uF/50V
Added Member To Class: ClassName=Power Member=Component C25 0.1uF
Added Member To Class: ClassName=Power Member=Component C26 10uF/10V
Added Member To Class: ClassName=Power Member=Component C27 104
Added Member To Class: ClassName=Power Member=Component C28 22uF
Added Member To Class: ClassName=Power Member=Component C29 22uF
Added Member To Class: ClassName=Power Member=Component C30 75pF
Added Member To Class: ClassName=Uart_Can Member=Component C31 10uF
Added Member To Class: ClassName=Uart_Can Member=Component C32 104
Added Member To Class: ClassName=Uart_Can Member=Component C33 104
Added Member To Class: ClassName=Uart_Can Member=Component C34 10uF
Added Member To Class: ClassName=Uart_Can Member=Component C35 104
Added Member To Class: ClassName=Uart_Can Member=Component C36 104
Added Member To Class: ClassName=Uart_Can Member=Component C37 10uF
Added Member To Class: ClassName=Uart_Can Member=Component C38 104
Added Member To Class: ClassName=Uart_Can Member=Component C39 104
Added Member To Class: ClassName=Uart_Can Member=Component C40 10uF
Added Member To Class: ClassName=Uart_Can Member=Component C41 104
Added Member To Class: ClassName=Uart_Can Member=Component C42 104
Added Member To Class: ClassName=Uart_Can Member=Component C43 10uF
Added Member To Class: ClassName=Uart_Can Member=Component C44 104
Added Member To Class: ClassName=Uart_Can Member=Component C45 104
Added Member To Class: ClassName=Uart_Can Member=Component C46 10uF
Added Member To Class: ClassName=Uart_Can Member=Component C47 104
Added Member To Class: ClassName=Uart_Can Member=Component C48 104
Added Member To Class: ClassName=Usb_SdCard Member=Component C49 4.7uF
Added Member To Class: ClassName=Usb_SdCard Member=Component C50 104
Added Member To Class: ClassName=Usb_SdCard Member=Component C51 10uF
Added Member To Class: ClassName=Usb_SdCard Member=Component C52 104
Added Member To Class: ClassName=Usb_SdCard Member=Component C53 4.7uF
Added Member To Class: ClassName=Usb_SdCard Member=Component C54 104
Added Member To Class: ClassName=Gpio_RTC Member=Component CN1 CON4
Added Member To Class: ClassName=Gpio_RTC Member=Component CN2 CON5
Added Member To Class: ClassName=Net Member=Component CN3 HR911105A
Added Member To Class: ClassName=Power Member=Component CN4 CON3
Added Member To Class: ClassName=Uart_Can Member=Component CN5 CON4
Added Member To Class: ClassName=Uart_Can Member=Component CN6 CON2
Added Member To Class: ClassName=Uart_Can Member=Component CN7 CON3
Added Member To Class: ClassName=Usb_SdCard Member=Component CN8 MINI_USB
Added Member To Class: ClassName=Usb_SdCard Member=Component CN9 USB-A-F-W
Added Member To Class: ClassName=Power Member=Component C？1 104
Added Member To Class: ClassName=Gpio_RTC Member=Component D1 1N4148
Added Member To Class: ClassName=Gpio_RTC Member=Component D2 1N4148
Added Member To Class: ClassName=Gpio_RTC Member=Component D3 1N4148
Added Member To Class: ClassName=Gpio_RTC Member=Component D4 1N4148
Added Member To Class: ClassName=Gpio_RTC Member=Component D5 BAT54C
Added Member To Class: ClassName=Power Member=Component D6 1N4007
Added Member To Class: ClassName=Cpu Member=Component LED1 LED
Added Member To Class: ClassName=Cpu Member=Component LED2 LED
Added Member To Class: ClassName=Cpu Member=Component LED3 LED
Added Member To Class: ClassName=Cpu Member=Component LED4 LED
Added Member To Class: ClassName=Power Member=Component LED5 LED
Added Member To Class: ClassName=Uart_Can Member=Component LED6 LED
Added Member To Class: ClassName=Uart_Can Member=Component LED7 LED
Added Member To Class: ClassName=Uart_Can Member=Component LED8 LED
Added Member To Class: ClassName=Uart_Can Member=Component LED9 LED
Added Member To Class: ClassName=Gpio_RTC Member=Component P1 BAT
Added Member To Class: ClassName=Gpio_RTC Member=Component Q1 1318
Added Member To Class: ClassName=Gpio_RTC Member=Component Q2 1318
Added Member To Class: ClassName=Power Member=Component Q3 MOS_P
Added Member To Class: ClassName=Power Member=Component Q4 MOS_P
Added Member To Class: ClassName=Power Member=Component Q5 IRFP360
Added Member To Class: ClassName=Usb_SdCard Member=Component Q6 1318
Added Member To Class: ClassName=Usb_SdCard Member=Component Q7 1318
Added Member To Class: ClassName=Cpu Member=Component R1 1K
Added Member To Class: ClassName=Cpu Member=Component R2 1K
Added Member To Class: ClassName=Cpu Member=Component R3 0
Added Member To Class: ClassName=Cpu Member=Component R4 0
Added Member To Class: ClassName=Cpu Member=Component R5 10K
Added Member To Class: ClassName=Cpu Member=Component R6 10K
Added Member To Class: ClassName=Cpu Member=Component R7 1K
Added Member To Class: ClassName=Cpu Member=Component R8 1K
Added Member To Class: ClassName=Cpu Member=Component R9 1K
Added Member To Class: ClassName=Cpu Member=Component R10 10K
Added Member To Class: ClassName=Cpu Member=Component R11 10K
Added Member To Class: ClassName=Cpu Member=Component R12 10K
Added Member To Class: ClassName=Cpu Member=Component R13 10K
Added Member To Class: ClassName=Cpu Member=Component R14 10K
Added Member To Class: ClassName=Cpu Member=Component R15 1K
Added Member To Class: ClassName=Cpu Member=Component R16 1K
Added Member To Class: ClassName=Gpio_RTC Member=Component R17 1K
Added Member To Class: ClassName=Gpio_RTC Member=Component R18 1K
Added Member To Class: ClassName=Gpio_RTC Member=Component R19 1K
Added Member To Class: ClassName=Gpio_RTC Member=Component R20 1K
Added Member To Class: ClassName=Gpio_RTC Member=Component R21 1K
Added Member To Class: ClassName=Gpio_RTC Member=Component R22 1K
Added Member To Class: ClassName=Gpio_RTC Member=Component R23 1K
Added Member To Class: ClassName=Gpio_RTC Member=Component R24 1K
Added Member To Class: ClassName=Gpio_RTC Member=Component R25 4.7K
Added Member To Class: ClassName=Gpio_RTC Member=Component R26 4.7K
Added Member To Class: ClassName=Gpio_RTC Member=Component R27 4.7K
Added Member To Class: ClassName=Gpio_RTC Member=Component R28 4.7K
Added Member To Class: ClassName=Gpio_RTC Member=Component R29 1K
Added Member To Class: ClassName=Gpio_RTC Member=Component R30 1K
Added Member To Class: ClassName=Gpio_RTC Member=Component R31 1K
Added Member To Class: ClassName=Gpio_RTC Member=Component R32 1K
Added Member To Class: ClassName=Net Member=Component R33 0/NC
Added Member To Class: ClassName=Net Member=Component R34 1K
Added Member To Class: ClassName=Net Member=Component R35 4.7K
Added Member To Class: ClassName=Net Member=Component R36 1K
Added Member To Class: ClassName=Net Member=Component R37 1K
Added Member To Class: ClassName=Net Member=Component R38 1K
Added Member To Class: ClassName=Net Member=Component R39 1K
Added Member To Class: ClassName=Net Member=Component R40 1K
Added Member To Class: ClassName=Net Member=Component R41 1K
Added Member To Class: ClassName=Net Member=Component R42 1K
Added Member To Class: ClassName=Net Member=Component R43 6.49K 1%
Added Member To Class: ClassName=Net Member=Component R44 1K
Added Member To Class: ClassName=Net Member=Component R45 4.7K
Added Member To Class: ClassName=Net Member=Component R46 1K
Added Member To Class: ClassName=Net Member=Component R47 1K
Added Member To Class: ClassName=Net Member=Component R48 1K
Added Member To Class: ClassName=Net Member=Component R49 1K
Added Member To Class: ClassName=Power Member=Component R50 10K
Added Member To Class: ClassName=Power Member=Component R51 10d330K
Added Member To Class: ClassName=Power Member=Component R52 4.7K
Added Member To Class: ClassName=Power Member=Component R53 10K
Added Member To Class: ClassName=Power Member=Component R54 1K
Added Member To Class: ClassName=Power Member=Component R55 100K
Added Member To Class: ClassName=Power Member=Component R56 49.9
Added Member To Class: ClassName=Power Member=Component R57 511K
Added Member To Class: ClassName=Power Member=Component R58 100K
Added Member To Class: ClassName=Power Member=Component R59 105K
Added Member To Class: ClassName=Power Member=Component R60 13.3K
Added Member To Class: ClassName=Uart_Can Member=Component R61 1K
Added Member To Class: ClassName=Uart_Can Member=Component R62 120
Added Member To Class: ClassName=Uart_Can Member=Component R63 1K
Added Member To Class: ClassName=Uart_Can Member=Component R64 120
Added Member To Class: ClassName=Uart_Can Member=Component R65 1K
Added Member To Class: ClassName=Uart_Can Member=Component R66 120
Added Member To Class: ClassName=Uart_Can Member=Component R67 1K
Added Member To Class: ClassName=Usb_SdCard Member=Component R68 10K
Added Member To Class: ClassName=Usb_SdCard Member=Component R69 10K
Added Member To Class: ClassName=Usb_SdCard Member=Component R70 1K
Added Member To Class: ClassName=Usb_SdCard Member=Component R71 22
Added Member To Class: ClassName=Usb_SdCard Member=Component R72 22
Added Member To Class: ClassName=Usb_SdCard Member=Component R73 0
Added Member To Class: ClassName=Usb_SdCard Member=Component R74 10K
Added Member To Class: ClassName=Usb_SdCard Member=Component R75 0
Added Member To Class: ClassName=Usb_SdCard Member=Component R76 10K
Added Member To Class: ClassName=Usb_SdCard Member=Component R77 10K
Added Member To Class: ClassName=Usb_SdCard Member=Component R78 10K
Added Member To Class: ClassName=Usb_SdCard Member=Component R79 10K
Added Member To Class: ClassName=Usb_SdCard Member=Component R80 22
Added Member To Class: ClassName=Usb_SdCard Member=Component R81 22
Added Member To Class: ClassName=Usb_SdCard Member=Component R82 10K
Added Member To Class: ClassName=Usb_SdCard Member=Component R83 10K
Added Member To Class: ClassName=Usb_SdCard Member=Component R84 10K
Added Member To Class: ClassName=Usb_SdCard Member=Component R85 10K
Added Member To Class: ClassName=Usb_SdCard Member=Component R86 10K
Added Member To Class: ClassName=Usb_SdCard Member=Component R87 10K
Added Member To Class: ClassName=Cpu Member=Component SW1 DSHP02TSGET
Added Member To Class: ClassName=Cpu Member=Component SW2 RST
Added Member To Class: ClassName=Uart_Can Member=Component T1 7V
Added Member To Class: ClassName=Uart_Can Member=Component T2 7V
Added Member To Class: ClassName=Uart_Can Member=Component T3 7V
Added Member To Class: ClassName=Uart_Can Member=Component T4 7V
Added Member To Class: ClassName=Uart_Can Member=Component T5 7V
Added Member To Class: ClassName=Uart_Can Member=Component T6 7V
Added Member To Class: ClassName=Net Member=Component TVS1 Rclamp0504s
Added Member To Class: ClassName=Usb_SdCard Member=Component TVS2 Rclamp0504s
Added Member To Class: ClassName=Usb_SdCard Member=Component TVS3 Rclamp0504s
Added Member To Class: ClassName=Cpu Member=Component U1 i.MX6UL
Added Member To Class: ClassName=Gpio_RTC Member=Component U2 TLP281-4
Added Member To Class: ClassName=Gpio_RTC Member=Component U3 TLP281-4
Added Member To Class: ClassName=Gpio_RTC Member=Component U4 RX8010SJ
Added Member To Class: ClassName=Net Member=Component U5 KSZ8081RNB
Added Member To Class: ClassName=Power Member=Component U6 LM1117MPX-3.3
Added Member To Class: ClassName=Power Member=Component U7 VRB2405YMD-6WR3
Added Member To Class: ClassName=Power Member=Component U8 TPS54302
Added Member To Class: ClassName=Uart_Can Member=Component U9 ISO1050DWR
Added Member To Class: ClassName=Uart_Can Member=Component U10 ISO3082DWR
Added Member To Class: ClassName=Uart_Can Member=Component U11 ISO3082DWR
Added Member To Class: ClassName=Usb_SdCard Member=Component U12 MOS_P
Added Member To Class: ClassName=Usb_SdCard Member=Component U13 MIC2026-1YM
Added Member To Class: ClassName=Usb_SdCard Member=Component U14 TF
