Removed Pin From Net: NetName=NetC3_2 Pin=C6-2
Removed Pin From Net: NetName=NetC3_2 Pin=CN2-5
Removed Pin From Net: NetName=NetC47_1 Pin=CN6-1
Removed Pin From Net: NetName=NetC48_1 Pin=CN6-2
Removed Pin From Net: NetName=NetC3_2 Pin=D4-A
Removed Pin From Net: NetName=NetCN1_2 Pin=Q1-2
Removed Pin From Net: NetName=NetCN1_1 Pin=Q1-3
Removed Pin From Net: NetName=GPIO_4 Pin=R21-1
Removed Pin From Net: NetName=NetCN1_1 Pin=U2-12
Removed Pin From Net: NetName=NetC3_2 Pin=U3-8
Removed Pin From Net: NetName=GPIO_4 Pin=U3-16
Removed Member From Class: ClassName=Gpio_RTC Member=CN2
Removed Member From Class: ClassName=Uart_Can Member=CN6
Change Component DesignItemId : Designator=CN5 Old DesignItemId=CON4 New DesignItemId=CON6
Change Component DesignItemId : Designator=CN1 Old DesignItemId=CON4 New DesignItemId=CON8
Change Component Footprint: Designator=CN1 Old Footprint=WJ15EDGRM-3.81-4P-14-00A New Footprint=连接器8X
Change Component Footprint: Designator=CN5 Old Footprint=WJ15EDGRM-3.81-4P-14-00A New Footprint=连接器DD6
Change Component Comment : Designator=CN5 Old Comment=CON4 New Comment=CON6
Change Component Comment : Designator=CN1 Old Comment=CON4 New Comment=CON8
Added Component: Designator=Q8(SOT-23)
Added Pin To Net: NetName=NetC3_2 Pin=CN1-8
Added Pin To Net: NetName=NetC47_1 Pin=CN5-5
Added Pin To Net: NetName=NetC48_1 Pin=CN5-6
Added Pin To Net: NetName=NetCN1_4 Pin=Q1-2
Added Pin To Net: NetName=NetCN1_2 Pin=Q1-3
Added Pin To Net: NetName=NetCN1_4 Pin=Q8-2
Added Pin To Net: NetName=NetCN1_1 Pin=Q8-3
Added Pin To Net: NetName=GPIO_4 Pin=U2-4
Added Pin To Net: NetName=NetCN1_2 Pin=U2-12
Added Pin To Net: NetName=NetCN1_1 Pin=U2-14
Change Net Name : Old Net Name=GPIO-1 New Net Name=NetR24_1
Change Net Name : Old Net Name=GPIO-2 New Net Name=GPIO-1
Change Net Name : Old Net Name=GPIO-3 New Net Name=GPIO-2
Added Pin To Net: NetName=GPIO-3 Pin=R21-1
Added Pin To Net: NetName=GPIO-3 Pin=U3-16
Added Net: Name=GPIO-3
Added Pin To Net: NetName=NetC6_2 Pin=C6-2
Added Pin To Net: NetName=NetC6_2 Pin=D4-A
Added Pin To Net: NetName=NetC6_2 Pin=U3-8
Added Net: Name=NetC6_2
Added Pin To Net: NetName=NetCN1_5 Pin=CN1-5
Added Pin To Net: NetName=NetCN1_5 Pin=R25-1
Added Net: Name=NetCN1_5
Added Pin To Net: NetName=NetCN1_6 Pin=CN1-6
Added Pin To Net: NetName=NetCN1_6 Pin=R26-1
Added Net: Name=NetCN1_6
Added Pin To Net: NetName=NetCN1_7 Pin=CN1-7
Added Pin To Net: NetName=NetCN1_7 Pin=R27-1
Added Net: Name=NetCN1_7
Added Pin To Net: NetName=NetQ8_1 Pin=Q8-1
Added Pin To Net: NetName=NetQ8_1 Pin=U2-13
Added Net: Name=NetQ8_1
Added Member To Class: ClassName=Gpio_RTC Member=Component Q8 1318
