Removed Pin From Net: NetName=GND_COMM Pin=C18-2
Removed Pin From Net: NetName=GND_COMM Pin=C19-2
Removed Pin From Net: NetName=GND_COMM Pin=CN4-2
Removed Pin From Net: NetName=GND_COMM Pin=R51-1
Removed Pin From Net: NetName=NetCN8_2 Pin=R71-1
Removed Pin From Net: NetName=USB_OTG_DN Pin=R71-2
Removed Pin From Net: NetName=NetCN8_3 Pin=R72-1
Removed Pin From Net: NetName=USB_OTG_DP Pin=R72-2
Removed Pin From Net: NetName=NetCN9_2 Pin=R80-1
Removed Pin From Net: NetName=USB_OTG2_DN Pin=R80-2
Removed Pin From Net: NetName=NetCN9_3 Pin=R81-1
Removed Pin From Net: NetName=USB_OTG2_DP Pin=R81-2
Removed Pin From Net: NetName=USB_OTG_DP Pin=TVS2-1
Removed Pin From Net: NetName=USB_OTG_ID Pin=TVS2-3
Removed Pin From Net: NetName=USB_OTG2_DN Pin=TVS3-1
Removed Pin From Net: NetName=NetCN9_3 Pin=TVS3-6
Removed Pin From Net: NetName=GND_COMM Pin=U7-1
Removed Member From Class: ClassName=Usb_SdCard Member=R71
Removed Member From Class: ClassName=Usb_SdCard Member=R72
Removed Member From Class: ClassName=Usb_SdCard Member=R80
Removed Member From Class: ClassName=Usb_SdCard Member=R81
Change Component DesignItemId : Designator=TVS2 Old DesignItemId=Rclamp0504s New DesignItemId=USBLC6-2SC6
Change Component DesignItemId : Designator=TVS3 Old DesignItemId=Rclamp0504s New DesignItemId=USBLC6-2SC6
Change Component Footprint: Designator=TVS2 Old Footprint=SC70-6L New Footprint=SOT-23-6
Change Component Footprint: Designator=TVS3 Old Footprint=SC70-6L New Footprint=SOT-23-6
Change Component Comment : Designator=TVS2 Old Comment=Rclamp0504s New Comment=USBLC6-2SC6
Change Component Comment : Designator=TVS3 Old Comment=Rclamp0504s New Comment=USBLC6-2SC6
Added Component: Designator=L1(2012)
Added Component: Designator=L2(2012)
Added Pin To Net: NetName=USB_OTG_DN Pin=L1-1
Added Pin To Net: NetName=USB_OTG_DP Pin=L1-2
Added Pin To Net: NetName=NetCN8_3 Pin=L1-3
Added Pin To Net: NetName=NetCN8_2 Pin=L1-4
Added Pin To Net: NetName=USB_OTG2_DN Pin=L2-1
Added Pin To Net: NetName=USB_OTG2_DP Pin=L2-2
Added Pin To Net: NetName=NetCN9_3 Pin=L2-3
Added Pin To Net: NetName=NetCN9_2 Pin=L2-4
Added Pin To Net: NetName=NetCN8_2 Pin=TVS2-1
Added Pin To Net: NetName=NetCN8_3 Pin=TVS2-3
Added Pin To Net: NetName=NetCN8_3 Pin=TVS2-4
Added Pin To Net: NetName=NetCN9_2 Pin=TVS3-1
Added Pin To Net: NetName=NetCN9_3 Pin=TVS3-3
Added Pin To Net: NetName=NetCN9_3 Pin=TVS3-4
Added Pin To Net: NetName=NetCN9_2 Pin=TVS3-6
Added Pin To Net: NetName=USB_OTG2_DN Pin=U1-57
Added Pin To Net: NetName=USB_OTG2_DP Pin=U1-59
Added Pin To Net: NetName=NetC18_2 Pin=C18-2
Added Pin To Net: NetName=NetC18_2 Pin=C19-2
Added Pin To Net: NetName=NetC18_2 Pin=CN4-2
Added Pin To Net: NetName=NetC18_2 Pin=R51-1
Added Pin To Net: NetName=NetC18_2 Pin=U7-1
Added Net: Name=NetC18_2
Added Member To Class: ClassName=Usb_SdCard Member=Component L1 共模电感
Added Member To Class: ClassName=Usb_SdCard Member=Component L2 共模电感
