Removed Pin From Net: NetName=LED2 Pin=U1-12
Removed Pin From Net: NetName=LED1 Pin=U1-14
Removed Pin From Net: NetName=NetLED2_K Pin=U1-16
Removed Pin From Net: NetName=NetLED1_K Pin=U1-18
Removed Pin From Net: NetName=ENET1_RXER Pin=U1-93
Removed Pin From Net: NetName=ENET1_TX_CLK Pin=U1-95
Removed Pin From Net: NetName=ENET1_TXEN Pin=U1-97
Removed Pin From Net: NetName=ENET1_RXD1 Pin=U1-99
Removed Pin From Net: NetName=ENET1_RXD0 Pin=U1-101
Removed Pin From Net: NetName=ENET1_CRS_DV Pin=U1-103
Removed Pin From Net: NetName=ENET1_TXD1 Pin=U1-105
Removed Pin From Net: NetName=ENET1_TXD0 Pin=U1-107
Added Pin To Net: NetName=ENET1_RXER Pin=U1-4
Added Pin To Net: NetName=ENET1_TX_CLK Pin=U1-6
Added Pin To Net: NetName=ENET1_TXEN Pin=U1-8
Added Pin To Net: NetName=ENET1_RXD1 Pin=U1-10
Added Pin To Net: NetName=ENET1_RXD0 Pin=U1-12
Added Pin To Net: NetName=ENET1_CRS_DV Pin=U1-14
Added Pin To Net: NetName=ENET1_TXD1 Pin=U1-16
Added Pin To Net: NetName=ENET1_TXD0 Pin=U1-18
Added Pin To Net: NetName=NetLED1_K Pin=U1-99
Added Pin To Net: NetName=NetLED2_K Pin=U1-101
Added Pin To Net: NetName=LED1 Pin=U1-103
Added Pin To Net: NetName=LED2 Pin=U1-105
