Removed Pin From Net: NetName=GND Pin=R10-1
Removed Pin From Net: NetName=LCD_D11 Pin=R10-2
Removed Pin From Net: NetName=GND Pin=R11-1
Removed Pin From Net: NetName=LCD_D6 Pin=R11-2
Removed Pin From Net: NetName=NetCN1_5 Pin=R25-1
Removed Pin From Net: NetName=NetCN1_4 Pin=R26-1
Removed Pin From Net: NetName=NetCN1_3 Pin=R27-1
Removed Pin From Net: NetName=NetCN1_2 Pin=R28-1
Added Pin To Net: NetName=GND Pin=R10-1
Added Pin To Net: NetName=NetLED4_A Pin=R10-1
Added Pin To Net: NetName=5V_COMM Pin=R10-2
Added Pin To Net: NetName=LCD_D11 Pin=R10-2
Added Pin To Net: NetName=GND Pin=R11-1
Added Pin To Net: NetName=NetLED3_A Pin=R11-1
Added Pin To Net: NetName=5V_COMM Pin=R11-2
Added Pin To Net: NetName=LCD_D6 Pin=R11-2
Added Pin To Net: NetName=NetCN1_2 Pin=R25-1
Added Pin To Net: NetName=NetCN1_3 Pin=R26-1
Added Pin To Net: NetName=NetCN1_4 Pin=R27-1
Added Pin To Net: NetName=NetCN1_5 Pin=R28-1
